<?xml version="1.0" encoding="UTF-8"?>
<!-- Generated by org.testng.reporters.JUnitXMLReporter -->
<testsuite ignored="0" hostname="JuDaEmMaNuEl" failures="0" tests="4" name="Default test" time="19.234" errors="0" timestamp="2025-02-11T04:25:50 IST">
  <testcase classname="com.testcases.LoginTest" name="loginTest" time="1.249"/>
  <testcase classname="com.testcases.LoginTest" name="loginTest" time="1.202"/>
  <testcase classname="com.testcases.LoginTest" name="loginTest" time="0.983"/>
  <testcase classname="com.testcases.LoginTest" name="loginTest" time="0.983"/>
</testsuite> <!-- Default test -->
