<?xml version="1.0" encoding="UTF-8"?>
<!-- Generated by org.testng.reporters.JUnitXMLReporter -->
<testsuite ignored="0" hostname="JuDaEmMaNuEl" failures="0" tests="4" name="Test" time="16.97" errors="0" timestamp="2025-02-11T04:51:13 IST">
  <testcase classname="com.testcases.LoginTest" name="loginTest" time="1.288"/>
  <testcase classname="com.testcases.LoginTest" name="loginTest" time="1.217"/>
  <testcase classname="com.testcases.LoginTest" name="loginTest" time="0.999"/>
  <testcase classname="com.testcases.LoginTest" name="loginTest" time="1.001"/>
</testsuite> <!-- Test -->
