<?xml version="1.0" encoding="UTF-8"?>
<!-- Generated by org.testng.reporters.JUnitXMLReporter -->
<testsuite ignored="0" hostname="JuDaEmMaNuEl" failures="0" tests="9" name="Default test" time="10.793" errors="0" timestamp="2025-01-13T22:15:03 IST">
  <testcase classname="Adactin_Hotel_Project.Adactin_Hotel_Project.Adactin_Test" name="loginTest" time="4.107"/>
  <testcase classname="Adactin_Hotel_Project.Adactin_Hotel_Project.Adactin_Test" name="loginTest" time="0.809"/>
  <testcase classname="Adactin_Hotel_Project.Adactin_Hotel_Project.Adactin_Test" name="loginTest" time="0.849"/>
  <testcase classname="Adactin_Hotel_Project.Adactin_Hotel_Project.Adactin_Test" name="loginTest" time="0.513"/>
  <testcase classname="Adactin_Hotel_Project.Adactin_Hotel_Project.Adactin_Test" name="loginTest" time="0.23"/>
  <testcase classname="Adactin_Hotel_Project.Adactin_Hotel_Project.Adactin_Test" name="loginTest" time="0.193"/>
  <testcase classname="Adactin_Hotel_Project.Adactin_Hotel_Project.Adactin_Test" name="searchHotelTest" time="1.99"/>
  <testcase classname="Adactin_Hotel_Project.Adactin_Hotel_Project.Adactin_Test" name="selectHotelTest" time="0.839"/>
  <testcase classname="Adactin_Hotel_Project.Adactin_Hotel_Project.Adactin_Test" name="bookHotelTest" time="1.132"/>
</testsuite> <!-- Default test -->
