<?xml version="1.0" encoding="UTF-8"?>
<!-- Generated by org.testng.reporters.JUnitXMLReporter -->
<testsuite ignored="1" hostname="JuDaEmMaNuEl" failures="0" tests="7" name="Default test" time="33.006" errors="0" timestamp="2025-01-13T19:08:34 IST">
  <testcase classname="DemoBlaze_Project.DemoBlaze_Project.DemoBlaze_Test" name="testSignUpButtonVisibility" time="0.056"/>
  <testcase classname="DemoBlaze_Project.DemoBlaze_Project.DemoBlaze_Test" name="testLoginButtonVisibility1" time="0.044"/>
  <testcase classname="DemoBlaze_Project.DemoBlaze_Project.DemoBlaze_Test" name="testSiteLogoVisibility" time="0.032"/>
  <testcase classname="DemoBlaze_Project.DemoBlaze_Project.DemoBlaze_Test" name="testSignupButtonVisibility" time="0.347"/>
  <testcase classname="DemoBlaze_Project.DemoBlaze_Project.DemoBlaze_Test" name="testLoginButtonVisibility" time="0.091"/>
  <testcase classname="DemoBlaze_Project.DemoBlaze_Project.DemoBlaze_Test" name="testLoginFunctionality" time="3.889"/>
  <testcase classname="DemoBlaze_Project.DemoBlaze_Project.DemoBlaze_Test" name="testPlaceOrder" time="25.924"/>
  <testcase classname="DemoBlaze_Project.DemoBlaze_Project.DemoBlaze_Test" name="testSignupFunctionality" time="0.0">
    <ignored/>
  </testcase> <!-- testSignupFunctionality -->
</testsuite> <!-- Default test -->
