<?xml version="1.0" encoding="UTF-8"?>
<testng-results ignored="0" total="33" passed="30" failed="3" skipped="0">
  <reporter-output>
  </reporter-output>
  <suite started-at="2025-02-11T05:14:47 IST" name="Adactin Suite" finished-at="2025-02-11T05:16:43 IST" duration-ms="116052">
    <groups>
    </groups>
    <test started-at="2025-02-11T05:14:47 IST" name="Chrome Test" finished-at="2025-02-11T05:16:09 IST" duration-ms="82576">
      <class name="com.testcases.SelectHotelTest">
        <test-method is-config="true" signature="setUp(java.lang.String)[pri:0, instance:com.testcases.SelectHotelTest@3943a2be]" started-at="2025-02-11T05:15:20 IST" name="setUp" finished-at="2025-02-11T05:15:22 IST" duration-ms="2419" status="PASS">
          <params>
            <param index="0">
              <value>
                <![CDATA[chrome]]>
              </value>
            </param>
          </params>
          <reporter-output>
          </reporter-output>
        </test-method> <!-- setUp -->
        <test-method is-config="true" signature="setupPages()[pri:0, instance:com.testcases.SelectHotelTest@3943a2be]" started-at="2025-02-11T05:15:22 IST" name="setupPages" finished-at="2025-02-11T05:15:22 IST" duration-ms="2" status="PASS">
          <reporter-output>
          </reporter-output>
        </test-method> <!-- setupPages -->
        <test-method signature="selectHotelTest(java.lang.String,java.lang.String,java.lang.String,java.lang.String,java.lang.String,java.lang.String,java.lang.String,java.lang.String)[pri:0, instance:com.testcases.SelectHotelTest@3943a2be]" started-at="2025-02-11T05:15:22 IST" name="selectHotelTest" data-provider="hotelSelectionData" finished-at="2025-02-11T05:15:26 IST" duration-ms="3943" status="PASS">
          <params>
            <param index="0">
              <value>
                <![CDATA[JudaEmmanuel]]>
              </value>
            </param>
            <param index="1">
              <value>
                <![CDATA[Apria@2020]]>
              </value>
            </param>
            <param index="2">
              <value>
                <![CDATA[London]]>
              </value>
            </param>
            <param index="3">
              <value>
                <![CDATA[Hotel Hervey]]>
              </value>
            </param>
            <param index="4">
              <value>
                <![CDATA[Standard]]>
              </value>
            </param>
            <param index="5">
              <value>
                <![CDATA[5 - Five]]>
              </value>
            </param>
            <param index="6">
              <value>
                <![CDATA[4 - Four]]>
              </value>
            </param>
            <param index="7">
              <value>
                <![CDATA[1 - One]]>
              </value>
            </param>
          </params>
          <reporter-output>
          </reporter-output>
        </test-method> <!-- selectHotelTest -->
        <test-method is-config="true" signature="tearDown(org.testng.ITestResult)[pri:0, instance:com.testcases.SelectHotelTest@3943a2be]" started-at="2025-02-11T05:15:26 IST" name="tearDown" finished-at="2025-02-11T05:15:26 IST" duration-ms="364" status="PASS">
          <params>
            <param index="0">
              <value>
                <![CDATA[[TestResult name=selectHotelTest status=SUCCESS method=SelectHotelTest.selectHotelTest(java.lang.String,java.lang.String,java.lang.String,java.lang.String,java.lang.String,java.lang.String,java.lang.String,java.lang.String)[pri:0, instance:com.testcases.SelectHotelTest@3943a2be] output={null}]]]>
              </value>
            </param>
          </params>
          <reporter-output>
          </reporter-output>
        </test-method> <!-- tearDown -->
        <test-method is-config="true" signature="setUp(java.lang.String)[pri:0, instance:com.testcases.SelectHotelTest@3943a2be]" started-at="2025-02-11T05:15:26 IST" name="setUp" finished-at="2025-02-11T05:15:28 IST" duration-ms="1167" status="PASS">
          <params>
            <param index="0">
              <value>
                <![CDATA[chrome]]>
              </value>
            </param>
          </params>
          <reporter-output>
          </reporter-output>
        </test-method> <!-- setUp -->
        <test-method is-config="true" signature="setupPages()[pri:0, instance:com.testcases.SelectHotelTest@3943a2be]" started-at="2025-02-11T05:15:28 IST" name="setupPages" finished-at="2025-02-11T05:15:28 IST" duration-ms="2" status="PASS">
          <reporter-output>
          </reporter-output>
        </test-method> <!-- setupPages -->
        <test-method signature="selectHotelTest(java.lang.String,java.lang.String,java.lang.String,java.lang.String,java.lang.String,java.lang.String,java.lang.String,java.lang.String)[pri:0, instance:com.testcases.SelectHotelTest@3943a2be]" started-at="2025-02-11T05:15:28 IST" name="selectHotelTest" data-provider="hotelSelectionData" finished-at="2025-02-11T05:15:33 IST" duration-ms="5105" status="PASS">
          <params>
            <param index="0">
              <value>
                <![CDATA[JudaEmmanuel]]>
              </value>
            </param>
            <param index="1">
              <value>
                <![CDATA[Apria@2020]]>
              </value>
            </param>
            <param index="2">
              <value>
                <![CDATA[London]]>
              </value>
            </param>
            <param index="3">
              <value>
                <![CDATA[Hotel Creek]]>
              </value>
            </param>
            <param index="4">
              <value>
                <![CDATA[Super Deluxe]]>
              </value>
            </param>
            <param index="5">
              <value>
                <![CDATA[5 - Five]]>
              </value>
            </param>
            <param index="6">
              <value>
                <![CDATA[2 - Two]]>
              </value>
            </param>
            <param index="7">
              <value>
                <![CDATA[3 - Three]]>
              </value>
            </param>
          </params>
          <reporter-output>
          </reporter-output>
        </test-method> <!-- selectHotelTest -->
        <test-method is-config="true" signature="tearDown(org.testng.ITestResult)[pri:0, instance:com.testcases.SelectHotelTest@3943a2be]" started-at="2025-02-11T05:15:33 IST" name="tearDown" finished-at="2025-02-11T05:15:33 IST" duration-ms="218" status="PASS">
          <params>
            <param index="0">
              <value>
                <![CDATA[[TestResult name=selectHotelTest status=SUCCESS method=SelectHotelTest.selectHotelTest(java.lang.String,java.lang.String,java.lang.String,java.lang.String,java.lang.String,java.lang.String,java.lang.String,java.lang.String)[pri:0, instance:com.testcases.SelectHotelTest@3943a2be] output={null}]]]>
              </value>
            </param>
          </params>
          <reporter-output>
          </reporter-output>
        </test-method> <!-- tearDown -->
      </class> <!-- com.testcases.SelectHotelTest -->
      <class name="com.testcases.LoginTest">
        <test-method is-config="true" signature="setUp(java.lang.String)[pri:0, instance:com.testcases.LoginTest@68567e20]" started-at="2025-02-11T05:14:48 IST" name="setUp" finished-at="2025-02-11T05:14:50 IST" duration-ms="2449" status="PASS">
          <params>
            <param index="0">
              <value>
                <![CDATA[chrome]]>
              </value>
            </param>
          </params>
          <reporter-output>
          </reporter-output>
        </test-method> <!-- setUp -->
        <test-method signature="loginTest(java.lang.String,java.lang.String,java.lang.String)[pri:0, instance:com.testcases.LoginTest@68567e20]" started-at="2025-02-11T05:14:50 IST" name="loginTest" data-provider="LoginData" finished-at="2025-02-11T05:14:53 IST" duration-ms="2574" status="PASS">
          <params>
            <param index="0">
              <value>
                <![CDATA[JudaEmmanuel]]>
              </value>
            </param>
            <param index="1">
              <value>
                <![CDATA[Apria@2020]]>
              </value>
            </param>
            <param index="2">
              <value>
                <![CDATA[Valid]]>
              </value>
            </param>
          </params>
          <reporter-output>
          </reporter-output>
        </test-method> <!-- loginTest -->
        <test-method is-config="true" signature="tearDown(org.testng.ITestResult)[pri:0, instance:com.testcases.LoginTest@68567e20]" started-at="2025-02-11T05:14:53 IST" name="tearDown" finished-at="2025-02-11T05:14:54 IST" duration-ms="960" status="PASS">
          <params>
            <param index="0">
              <value>
                <![CDATA[[TestResult name=loginTest status=SUCCESS method=LoginTest.loginTest(java.lang.String,java.lang.String,java.lang.String)[pri:0, instance:com.testcases.LoginTest@68567e20] output={null}]]]>
              </value>
            </param>
          </params>
          <reporter-output>
          </reporter-output>
        </test-method> <!-- tearDown -->
        <test-method is-config="true" signature="setUp(java.lang.String)[pri:0, instance:com.testcases.LoginTest@68567e20]" started-at="2025-02-11T05:14:54 IST" name="setUp" finished-at="2025-02-11T05:14:56 IST" duration-ms="2319" status="PASS">
          <params>
            <param index="0">
              <value>
                <![CDATA[chrome]]>
              </value>
            </param>
          </params>
          <reporter-output>
          </reporter-output>
        </test-method> <!-- setUp -->
        <test-method signature="loginTest(java.lang.String,java.lang.String,java.lang.String)[pri:0, instance:com.testcases.LoginTest@68567e20]" started-at="2025-02-11T05:14:56 IST" name="loginTest" data-provider="LoginData" finished-at="2025-02-11T05:14:58 IST" duration-ms="1730" status="PASS">
          <params>
            <param index="0">
              <value>
                <![CDATA[DanielEbinazer]]>
              </value>
            </param>
            <param index="1">
              <value>
                <![CDATA[Apria@2020]]>
              </value>
            </param>
            <param index="2">
              <value>
                <![CDATA[Invalid Login details or Your Password might have expired.]]>
              </value>
            </param>
          </params>
          <reporter-output>
          </reporter-output>
        </test-method> <!-- loginTest -->
        <test-method is-config="true" signature="tearDown(org.testng.ITestResult)[pri:0, instance:com.testcases.LoginTest@68567e20]" started-at="2025-02-11T05:14:58 IST" name="tearDown" finished-at="2025-02-11T05:14:59 IST" duration-ms="717" status="PASS">
          <params>
            <param index="0">
              <value>
                <![CDATA[[TestResult name=loginTest status=SUCCESS method=LoginTest.loginTest(java.lang.String,java.lang.String,java.lang.String)[pri:0, instance:com.testcases.LoginTest@68567e20] output={null}]]]>
              </value>
            </param>
          </params>
          <reporter-output>
          </reporter-output>
        </test-method> <!-- tearDown -->
        <test-method is-config="true" signature="setUp(java.lang.String)[pri:0, instance:com.testcases.LoginTest@68567e20]" started-at="2025-02-11T05:14:59 IST" name="setUp" finished-at="2025-02-11T05:15:00 IST" duration-ms="1223" status="PASS">
          <params>
            <param index="0">
              <value>
                <![CDATA[chrome]]>
              </value>
            </param>
          </params>
          <reporter-output>
          </reporter-output>
        </test-method> <!-- setUp -->
        <test-method signature="loginTest(java.lang.String,java.lang.String,java.lang.String)[pri:0, instance:com.testcases.LoginTest@68567e20]" started-at="2025-02-11T05:15:00 IST" name="loginTest" data-provider="LoginData" finished-at="2025-02-11T05:15:02 IST" duration-ms="2514" status="PASS">
          <params>
            <param index="0">
              <value>
                <![CDATA[]]>
              </value>
            </param>
            <param index="1">
              <value>
                <![CDATA[InvalidPassword]]>
              </value>
            </param>
            <param index="2">
              <value>
                <![CDATA[Enter Username]]>
              </value>
            </param>
          </params>
          <reporter-output>
          </reporter-output>
        </test-method> <!-- loginTest -->
        <test-method is-config="true" signature="tearDown(org.testng.ITestResult)[pri:0, instance:com.testcases.LoginTest@68567e20]" started-at="2025-02-11T05:15:02 IST" name="tearDown" finished-at="2025-02-11T05:15:03 IST" duration-ms="838" status="PASS">
          <params>
            <param index="0">
              <value>
                <![CDATA[[TestResult name=loginTest status=SUCCESS method=LoginTest.loginTest(java.lang.String,java.lang.String,java.lang.String)[pri:0, instance:com.testcases.LoginTest@68567e20] output={null}]]]>
              </value>
            </param>
          </params>
          <reporter-output>
          </reporter-output>
        </test-method> <!-- tearDown -->
        <test-method is-config="true" signature="setUp(java.lang.String)[pri:0, instance:com.testcases.LoginTest@68567e20]" started-at="2025-02-11T05:15:03 IST" name="setUp" finished-at="2025-02-11T05:15:06 IST" duration-ms="2496" status="PASS">
          <params>
            <param index="0">
              <value>
                <![CDATA[chrome]]>
              </value>
            </param>
          </params>
          <reporter-output>
          </reporter-output>
        </test-method> <!-- setUp -->
        <test-method signature="loginTest(java.lang.String,java.lang.String,java.lang.String)[pri:0, instance:com.testcases.LoginTest@68567e20]" started-at="2025-02-11T05:15:06 IST" name="loginTest" data-provider="LoginData" finished-at="2025-02-11T05:15:07 IST" duration-ms="1376" status="PASS">
          <params>
            <param index="0">
              <value>
                <![CDATA[InvalidUsername]]>
              </value>
            </param>
            <param index="1">
              <value>
                <![CDATA[]]>
              </value>
            </param>
            <param index="2">
              <value>
                <![CDATA[Enter Password]]>
              </value>
            </param>
          </params>
          <reporter-output>
          </reporter-output>
        </test-method> <!-- loginTest -->
        <test-method is-config="true" signature="tearDown(org.testng.ITestResult)[pri:0, instance:com.testcases.LoginTest@68567e20]" started-at="2025-02-11T05:15:07 IST" name="tearDown" finished-at="2025-02-11T05:15:08 IST" duration-ms="642" status="PASS">
          <params>
            <param index="0">
              <value>
                <![CDATA[[TestResult name=loginTest status=SUCCESS method=LoginTest.loginTest(java.lang.String,java.lang.String,java.lang.String)[pri:0, instance:com.testcases.LoginTest@68567e20] output={null}]]]>
              </value>
            </param>
          </params>
          <reporter-output>
          </reporter-output>
        </test-method> <!-- tearDown -->
      </class> <!-- com.testcases.LoginTest -->
      <class name="com.testcases.SearchHotelTest">
        <test-method is-config="true" signature="setUp(java.lang.String)[pri:0, instance:com.testcases.SearchHotelTest@fa36558]" started-at="2025-02-11T05:15:08 IST" name="setUp" finished-at="2025-02-11T05:15:09 IST" duration-ms="1128" status="PASS">
          <params>
            <param index="0">
              <value>
                <![CDATA[chrome]]>
              </value>
            </param>
          </params>
          <reporter-output>
          </reporter-output>
        </test-method> <!-- setUp -->
        <test-method is-config="true" signature="setupPages()[pri:0, instance:com.testcases.SearchHotelTest@fa36558]" started-at="2025-02-11T05:15:09 IST" name="setupPages" finished-at="2025-02-11T05:15:09 IST" duration-ms="18" status="PASS">
          <reporter-output>
          </reporter-output>
        </test-method> <!-- setupPages -->
        <test-method signature="searchHotelTest(java.lang.String,java.lang.String,java.lang.String,java.lang.String,java.lang.String,java.lang.String,java.lang.String,java.lang.String)[pri:0, instance:com.testcases.SearchHotelTest@fa36558]" started-at="2025-02-11T05:15:09 IST" name="searchHotelTest" data-provider="hotelSearchData" finished-at="2025-02-11T05:15:13 IST" duration-ms="4418" status="PASS">
          <params>
            <param index="0">
              <value>
                <![CDATA[JudaEmmanuel]]>
              </value>
            </param>
            <param index="1">
              <value>
                <![CDATA[Apria@2020]]>
              </value>
            </param>
            <param index="2">
              <value>
                <![CDATA[London]]>
              </value>
            </param>
            <param index="3">
              <value>
                <![CDATA[Hotel Hervey]]>
              </value>
            </param>
            <param index="4">
              <value>
                <![CDATA[Standard]]>
              </value>
            </param>
            <param index="5">
              <value>
                <![CDATA[5 - Five]]>
              </value>
            </param>
            <param index="6">
              <value>
                <![CDATA[4 - Four]]>
              </value>
            </param>
            <param index="7">
              <value>
                <![CDATA[1 - One]]>
              </value>
            </param>
          </params>
          <reporter-output>
          </reporter-output>
        </test-method> <!-- searchHotelTest -->
        <test-method is-config="true" signature="tearDown(org.testng.ITestResult)[pri:0, instance:com.testcases.SearchHotelTest@fa36558]" started-at="2025-02-11T05:15:13 IST" name="tearDown" finished-at="2025-02-11T05:15:14 IST" duration-ms="269" status="PASS">
          <params>
            <param index="0">
              <value>
                <![CDATA[[TestResult name=searchHotelTest status=SUCCESS method=SearchHotelTest.searchHotelTest(java.lang.String,java.lang.String,java.lang.String,java.lang.String,java.lang.String,java.lang.String,java.lang.String,java.lang.String)[pri:0, instance:com.testcases.SearchHotelTest@fa36558] output={null}]]]>
              </value>
            </param>
          </params>
          <reporter-output>
          </reporter-output>
        </test-method> <!-- tearDown -->
        <test-method is-config="true" signature="setUp(java.lang.String)[pri:0, instance:com.testcases.SearchHotelTest@fa36558]" started-at="2025-02-11T05:15:14 IST" name="setUp" finished-at="2025-02-11T05:15:16 IST" duration-ms="2364" status="PASS">
          <params>
            <param index="0">
              <value>
                <![CDATA[chrome]]>
              </value>
            </param>
          </params>
          <reporter-output>
          </reporter-output>
        </test-method> <!-- setUp -->
        <test-method is-config="true" signature="setupPages()[pri:0, instance:com.testcases.SearchHotelTest@fa36558]" started-at="2025-02-11T05:15:16 IST" name="setupPages" finished-at="2025-02-11T05:15:16 IST" duration-ms="1" status="PASS">
          <reporter-output>
          </reporter-output>
        </test-method> <!-- setupPages -->
        <test-method signature="searchHotelTest(java.lang.String,java.lang.String,java.lang.String,java.lang.String,java.lang.String,java.lang.String,java.lang.String,java.lang.String)[pri:0, instance:com.testcases.SearchHotelTest@fa36558]" started-at="2025-02-11T05:15:16 IST" name="searchHotelTest" data-provider="hotelSearchData" finished-at="2025-02-11T05:15:19 IST" duration-ms="3385" status="PASS">
          <params>
            <param index="0">
              <value>
                <![CDATA[JudaEmmanuel]]>
              </value>
            </param>
            <param index="1">
              <value>
                <![CDATA[Apria@2020]]>
              </value>
            </param>
            <param index="2">
              <value>
                <![CDATA[London]]>
              </value>
            </param>
            <param index="3">
              <value>
                <![CDATA[Hotel Creek]]>
              </value>
            </param>
            <param index="4">
              <value>
                <![CDATA[Super Deluxe]]>
              </value>
            </param>
            <param index="5">
              <value>
                <![CDATA[5 - Five]]>
              </value>
            </param>
            <param index="6">
              <value>
                <![CDATA[2 - Two]]>
              </value>
            </param>
            <param index="7">
              <value>
                <![CDATA[3 - Three]]>
              </value>
            </param>
          </params>
          <reporter-output>
          </reporter-output>
        </test-method> <!-- searchHotelTest -->
        <test-method is-config="true" signature="tearDown(org.testng.ITestResult)[pri:0, instance:com.testcases.SearchHotelTest@fa36558]" started-at="2025-02-11T05:15:19 IST" name="tearDown" finished-at="2025-02-11T05:15:20 IST" duration-ms="265" status="PASS">
          <params>
            <param index="0">
              <value>
                <![CDATA[[TestResult name=searchHotelTest status=SUCCESS method=SearchHotelTest.searchHotelTest(java.lang.String,java.lang.String,java.lang.String,java.lang.String,java.lang.String,java.lang.String,java.lang.String,java.lang.String)[pri:0, instance:com.testcases.SearchHotelTest@fa36558] output={null}]]]>
              </value>
            </param>
          </params>
          <reporter-output>
          </reporter-output>
        </test-method> <!-- tearDown -->
      </class> <!-- com.testcases.SearchHotelTest -->
      <class name="com.testcases.BookingHotelTest">
        <test-method is-config="true" signature="setUp(java.lang.String)[pri:0, instance:com.testcases.BookingHotelTest@343570b7]" started-at="2025-02-11T05:15:33 IST" name="setUp" finished-at="2025-02-11T05:15:35 IST" duration-ms="2356" status="PASS">
          <params>
            <param index="0">
              <value>
                <![CDATA[chrome]]>
              </value>
            </param>
          </params>
          <reporter-output>
          </reporter-output>
        </test-method> <!-- setUp -->
        <test-method is-config="true" signature="setupPages()[pri:0, instance:com.testcases.BookingHotelTest@343570b7]" started-at="2025-02-11T05:15:35 IST" name="setupPages" finished-at="2025-02-11T05:15:35 IST" duration-ms="3" status="PASS">
          <reporter-output>
          </reporter-output>
        </test-method> <!-- setupPages -->
        <test-method signature="bookingHotelTest(java.lang.String,java.lang.String,java.lang.String,java.lang.String,java.lang.String,java.lang.String,java.lang.String,java.lang.String,java.lang.String,java.lang.String,java.lang.String,java.lang.String,java.lang.String,java.lang.String,java.lang.String,java.lang.String)[pri:0, instance:com.testcases.BookingHotelTest@343570b7]" started-at="2025-02-11T05:15:35 IST" name="bookingHotelTest" data-provider="bookingData" finished-at="2025-02-11T05:15:45 IST" duration-ms="9616" status="PASS">
          <params>
            <param index="0">
              <value>
                <![CDATA[JudaEmmanuel]]>
              </value>
            </param>
            <param index="1">
              <value>
                <![CDATA[Apria@2020]]>
              </value>
            </param>
            <param index="2">
              <value>
                <![CDATA[New York]]>
              </value>
            </param>
            <param index="3">
              <value>
                <![CDATA[Hotel Sunshine]]>
              </value>
            </param>
            <param index="4">
              <value>
                <![CDATA[Super Deluxe]]>
              </value>
            </param>
            <param index="5">
              <value>
                <![CDATA[10 - Ten]]>
              </value>
            </param>
            <param index="6">
              <value>
                <![CDATA[4 - Four]]>
              </value>
            </param>
            <param index="7">
              <value>
                <![CDATA[4 - Four]]>
              </value>
            </param>
            <param index="8">
              <value>
                <![CDATA[Juda]]>
              </value>
            </param>
            <param index="9">
              <value>
                <![CDATA[Emmanuel]]>
              </value>
            </param>
            <param index="10">
              <value>
                <![CDATA[123 Main St, NY]]>
              </value>
            </param>
            <param index="11">
              <value>
                <![CDATA[1234567891012130]]>
              </value>
            </param>
            <param index="12">
              <value>
                <![CDATA[American Express]]>
              </value>
            </param>
            <param index="13">
              <value>
                <![CDATA[September]]>
              </value>
            </param>
            <param index="14">
              <value>
                <![CDATA[2026]]>
              </value>
            </param>
            <param index="15">
              <value>
                <![CDATA[786]]>
              </value>
            </param>
          </params>
          <reporter-output>
          </reporter-output>
        </test-method> <!-- bookingHotelTest -->
        <test-method is-config="true" signature="tearDown(org.testng.ITestResult)[pri:0, instance:com.testcases.BookingHotelTest@343570b7]" started-at="2025-02-11T05:15:45 IST" name="tearDown" finished-at="2025-02-11T05:15:45 IST" duration-ms="189" status="PASS">
          <params>
            <param index="0">
              <value>
                <![CDATA[[TestResult name=bookingHotelTest status=SUCCESS method=BookingHotelTest.bookingHotelTest(java.lang.String,java.lang.String,java.lang.String,java.lang.String,java.lang.String,java.lang.String,java.lang.String,java.lang.String,java.lang.String,java.lang.String,java.lang.String,java.lang.String,java.lang.String,java.lang.String,java.lang.String,java.lang.String)[pri:0, instance:com.testcases.BookingHotelTest@343570b7] output={null}]]]>
              </value>
            </param>
          </params>
          <reporter-output>
          </reporter-output>
        </test-method> <!-- tearDown -->
        <test-method is-config="true" signature="setUp(java.lang.String)[pri:0, instance:com.testcases.BookingHotelTest@343570b7]" started-at="2025-02-11T05:15:45 IST" name="setUp" finished-at="2025-02-11T05:15:48 IST" duration-ms="2386" status="PASS">
          <params>
            <param index="0">
              <value>
                <![CDATA[chrome]]>
              </value>
            </param>
          </params>
          <reporter-output>
          </reporter-output>
        </test-method> <!-- setUp -->
        <test-method signature="bookingHotelTest(java.lang.String,java.lang.String,java.lang.String,java.lang.String,java.lang.String,java.lang.String,java.lang.String,java.lang.String,java.lang.String,java.lang.String,java.lang.String,java.lang.String,java.lang.String,java.lang.String,java.lang.String,java.lang.String)[pri:0, instance:com.testcases.BookingHotelTest@343570b7]" started-at="2025-02-11T05:15:48 IST" name="bookingHotelTest" data-provider="bookingData" finished-at="2025-02-11T05:15:57 IST" duration-ms="9304" status="PASS">
          <params>
            <param index="0">
              <value>
                <![CDATA[JudaEmmanuel]]>
              </value>
            </param>
            <param index="1">
              <value>
                <![CDATA[Apria@2020]]>
              </value>
            </param>
            <param index="2">
              <value>
                <![CDATA[London]]>
              </value>
            </param>
            <param index="3">
              <value>
                <![CDATA[Hotel Creek]]>
              </value>
            </param>
            <param index="4">
              <value>
                <![CDATA[Deluxe]]>
              </value>
            </param>
            <param index="5">
              <value>
                <![CDATA[5 - Five]]>
              </value>
            </param>
            <param index="6">
              <value>
                <![CDATA[2 - Two]]>
              </value>
            </param>
            <param index="7">
              <value>
                <![CDATA[2 - Two]]>
              </value>
            </param>
            <param index="8">
              <value>
                <![CDATA[Daniel]]>
              </value>
            </param>
            <param index="9">
              <value>
                <![CDATA[Ebinazer]]>
              </value>
            </param>
            <param index="10">
              <value>
                <![CDATA[987 Main St, CO]]>
              </value>
            </param>
            <param index="11">
              <value>
                <![CDATA[9876543210123450]]>
              </value>
            </param>
            <param index="12">
              <value>
                <![CDATA[Master Card]]>
              </value>
            </param>
            <param index="13">
              <value>
                <![CDATA[March]]>
              </value>
            </param>
            <param index="14">
              <value>
                <![CDATA[2027]]>
              </value>
            </param>
            <param index="15">
              <value>
                <![CDATA[619]]>
              </value>
            </param>
          </params>
          <reporter-output>
          </reporter-output>
        </test-method> <!-- bookingHotelTest -->
        <test-method is-config="true" signature="setupPages()[pri:0, instance:com.testcases.BookingHotelTest@343570b7]" started-at="2025-02-11T05:15:48 IST" name="setupPages" finished-at="2025-02-11T05:15:48 IST" duration-ms="0" status="PASS">
          <reporter-output>
          </reporter-output>
        </test-method> <!-- setupPages -->
        <test-method is-config="true" signature="tearDown(org.testng.ITestResult)[pri:0, instance:com.testcases.BookingHotelTest@343570b7]" started-at="2025-02-11T05:15:57 IST" name="tearDown" finished-at="2025-02-11T05:15:57 IST" duration-ms="203" status="PASS">
          <params>
            <param index="0">
              <value>
                <![CDATA[[TestResult name=bookingHotelTest status=SUCCESS method=BookingHotelTest.bookingHotelTest(java.lang.String,java.lang.String,java.lang.String,java.lang.String,java.lang.String,java.lang.String,java.lang.String,java.lang.String,java.lang.String,java.lang.String,java.lang.String,java.lang.String,java.lang.String,java.lang.String,java.lang.String,java.lang.String)[pri:0, instance:com.testcases.BookingHotelTest@343570b7] output={null}]]]>
              </value>
            </param>
          </params>
          <reporter-output>
          </reporter-output>
        </test-method> <!-- tearDown -->
        <test-method is-config="true" signature="setUp(java.lang.String)[pri:0, instance:com.testcases.BookingHotelTest@343570b7]" started-at="2025-02-11T05:15:57 IST" name="setUp" finished-at="2025-02-11T05:15:59 IST" duration-ms="2267" status="PASS">
          <params>
            <param index="0">
              <value>
                <![CDATA[chrome]]>
              </value>
            </param>
          </params>
          <reporter-output>
          </reporter-output>
        </test-method> <!-- setUp -->
        <test-method is-config="true" signature="setupPages()[pri:0, instance:com.testcases.BookingHotelTest@343570b7]" started-at="2025-02-11T05:15:59 IST" name="setupPages" finished-at="2025-02-11T05:15:59 IST" duration-ms="1" status="PASS">
          <reporter-output>
          </reporter-output>
        </test-method> <!-- setupPages -->
        <test-method signature="bookingHotelTest(java.lang.String,java.lang.String,java.lang.String,java.lang.String,java.lang.String,java.lang.String,java.lang.String,java.lang.String,java.lang.String,java.lang.String,java.lang.String,java.lang.String,java.lang.String,java.lang.String,java.lang.String,java.lang.String)[pri:0, instance:com.testcases.BookingHotelTest@343570b7]" started-at="2025-02-11T05:15:59 IST" name="bookingHotelTest" data-provider="bookingData" finished-at="2025-02-11T05:16:09 IST" duration-ms="9810" status="PASS">
          <params>
            <param index="0">
              <value>
                <![CDATA[JudaEmmanuel]]>
              </value>
            </param>
            <param index="1">
              <value>
                <![CDATA[Apria@2020]]>
              </value>
            </param>
            <param index="2">
              <value>
                <![CDATA[Paris]]>
              </value>
            </param>
            <param index="3">
              <value>
                <![CDATA[Hotel Hervey]]>
              </value>
            </param>
            <param index="4">
              <value>
                <![CDATA[Double]]>
              </value>
            </param>
            <param index="5">
              <value>
                <![CDATA[8 - Eight]]>
              </value>
            </param>
            <param index="6">
              <value>
                <![CDATA[3 - Three]]>
              </value>
            </param>
            <param index="7">
              <value>
                <![CDATA[1 - One]]>
              </value>
            </param>
            <param index="8">
              <value>
                <![CDATA[Stanley]]>
              </value>
            </param>
            <param index="9">
              <value>
                <![CDATA[Robert]]>
              </value>
            </param>
            <param index="10">
              <value>
                <![CDATA[619 Main St, CO]]>
              </value>
            </param>
            <param index="11">
              <value>
                <![CDATA[1615141312111090]]>
              </value>
            </param>
            <param index="12">
              <value>
                <![CDATA[VISA]]>
              </value>
            </param>
            <param index="13">
              <value>
                <![CDATA[April]]>
              </value>
            </param>
            <param index="14">
              <value>
                <![CDATA[2028]]>
              </value>
            </param>
            <param index="15">
              <value>
                <![CDATA[420]]>
              </value>
            </param>
          </params>
          <reporter-output>
          </reporter-output>
        </test-method> <!-- bookingHotelTest -->
        <test-method is-config="true" signature="tearDown(org.testng.ITestResult)[pri:0, instance:com.testcases.BookingHotelTest@343570b7]" started-at="2025-02-11T05:16:09 IST" name="tearDown" finished-at="2025-02-11T05:16:09 IST" duration-ms="280" status="PASS">
          <params>
            <param index="0">
              <value>
                <![CDATA[[TestResult name=bookingHotelTest status=SUCCESS method=BookingHotelTest.bookingHotelTest(java.lang.String,java.lang.String,java.lang.String,java.lang.String,java.lang.String,java.lang.String,java.lang.String,java.lang.String,java.lang.String,java.lang.String,java.lang.String,java.lang.String,java.lang.String,java.lang.String,java.lang.String,java.lang.String)[pri:0, instance:com.testcases.BookingHotelTest@343570b7] output={null}]]]>
              </value>
            </param>
          </params>
          <reporter-output>
          </reporter-output>
        </test-method> <!-- tearDown -->
      </class> <!-- com.testcases.BookingHotelTest -->
    </test> <!-- Chrome Test -->
    <test started-at="2025-02-11T05:14:47 IST" name="Edge Test" finished-at="2025-02-11T05:16:25 IST" duration-ms="98545">
      <class name="com.testcases.SelectHotelTest">
        <test-method is-config="true" signature="setUp(java.lang.String)[pri:0, instance:com.testcases.SelectHotelTest@19d481b]" started-at="2025-02-11T05:15:30 IST" name="setUp" finished-at="2025-02-11T05:15:32 IST" duration-ms="2321" status="PASS">
          <params>
            <param index="0">
              <value>
                <![CDATA[edge]]>
              </value>
            </param>
          </params>
          <reporter-output>
          </reporter-output>
        </test-method> <!-- setUp -->
        <test-method is-config="true" signature="setupPages()[pri:0, instance:com.testcases.SelectHotelTest@19d481b]" started-at="2025-02-11T05:15:32 IST" name="setupPages" finished-at="2025-02-11T05:15:32 IST" duration-ms="2" status="PASS">
          <reporter-output>
          </reporter-output>
        </test-method> <!-- setupPages -->
        <test-method signature="selectHotelTest(java.lang.String,java.lang.String,java.lang.String,java.lang.String,java.lang.String,java.lang.String,java.lang.String,java.lang.String)[pri:0, instance:com.testcases.SelectHotelTest@19d481b]" started-at="2025-02-11T05:15:32 IST" name="selectHotelTest" data-provider="hotelSelectionData" finished-at="2025-02-11T05:15:37 IST" duration-ms="4737" status="PASS">
          <params>
            <param index="0">
              <value>
                <![CDATA[JudaEmmanuel]]>
              </value>
            </param>
            <param index="1">
              <value>
                <![CDATA[Apria@2020]]>
              </value>
            </param>
            <param index="2">
              <value>
                <![CDATA[London]]>
              </value>
            </param>
            <param index="3">
              <value>
                <![CDATA[Hotel Hervey]]>
              </value>
            </param>
            <param index="4">
              <value>
                <![CDATA[Standard]]>
              </value>
            </param>
            <param index="5">
              <value>
                <![CDATA[5 - Five]]>
              </value>
            </param>
            <param index="6">
              <value>
                <![CDATA[4 - Four]]>
              </value>
            </param>
            <param index="7">
              <value>
                <![CDATA[1 - One]]>
              </value>
            </param>
          </params>
          <reporter-output>
          </reporter-output>
        </test-method> <!-- selectHotelTest -->
        <test-method is-config="true" signature="tearDown(org.testng.ITestResult)[pri:0, instance:com.testcases.SelectHotelTest@19d481b]" started-at="2025-02-11T05:15:37 IST" name="tearDown" finished-at="2025-02-11T05:15:39 IST" duration-ms="2271" status="PASS">
          <params>
            <param index="0">
              <value>
                <![CDATA[[TestResult name=selectHotelTest status=SUCCESS method=SelectHotelTest.selectHotelTest(java.lang.String,java.lang.String,java.lang.String,java.lang.String,java.lang.String,java.lang.String,java.lang.String,java.lang.String)[pri:0, instance:com.testcases.SelectHotelTest@19d481b] output={null}]]]>
              </value>
            </param>
          </params>
          <reporter-output>
          </reporter-output>
        </test-method> <!-- tearDown -->
        <test-method is-config="true" signature="setUp(java.lang.String)[pri:0, instance:com.testcases.SelectHotelTest@19d481b]" started-at="2025-02-11T05:15:39 IST" name="setUp" finished-at="2025-02-11T05:15:42 IST" duration-ms="2451" status="PASS">
          <params>
            <param index="0">
              <value>
                <![CDATA[edge]]>
              </value>
            </param>
          </params>
          <reporter-output>
          </reporter-output>
        </test-method> <!-- setUp -->
        <test-method is-config="true" signature="setupPages()[pri:0, instance:com.testcases.SelectHotelTest@19d481b]" started-at="2025-02-11T05:15:42 IST" name="setupPages" finished-at="2025-02-11T05:15:42 IST" duration-ms="1" status="PASS">
          <reporter-output>
          </reporter-output>
        </test-method> <!-- setupPages -->
        <test-method signature="selectHotelTest(java.lang.String,java.lang.String,java.lang.String,java.lang.String,java.lang.String,java.lang.String,java.lang.String,java.lang.String)[pri:0, instance:com.testcases.SelectHotelTest@19d481b]" started-at="2025-02-11T05:15:42 IST" name="selectHotelTest" data-provider="hotelSelectionData" finished-at="2025-02-11T05:15:45 IST" duration-ms="3419" status="PASS">
          <params>
            <param index="0">
              <value>
                <![CDATA[JudaEmmanuel]]>
              </value>
            </param>
            <param index="1">
              <value>
                <![CDATA[Apria@2020]]>
              </value>
            </param>
            <param index="2">
              <value>
                <![CDATA[London]]>
              </value>
            </param>
            <param index="3">
              <value>
                <![CDATA[Hotel Creek]]>
              </value>
            </param>
            <param index="4">
              <value>
                <![CDATA[Super Deluxe]]>
              </value>
            </param>
            <param index="5">
              <value>
                <![CDATA[5 - Five]]>
              </value>
            </param>
            <param index="6">
              <value>
                <![CDATA[2 - Two]]>
              </value>
            </param>
            <param index="7">
              <value>
                <![CDATA[3 - Three]]>
              </value>
            </param>
          </params>
          <reporter-output>
          </reporter-output>
        </test-method> <!-- selectHotelTest -->
        <test-method is-config="true" signature="tearDown(org.testng.ITestResult)[pri:0, instance:com.testcases.SelectHotelTest@19d481b]" started-at="2025-02-11T05:15:45 IST" name="tearDown" finished-at="2025-02-11T05:15:46 IST" duration-ms="1266" status="PASS">
          <params>
            <param index="0">
              <value>
                <![CDATA[[TestResult name=selectHotelTest status=SUCCESS method=SelectHotelTest.selectHotelTest(java.lang.String,java.lang.String,java.lang.String,java.lang.String,java.lang.String,java.lang.String,java.lang.String,java.lang.String)[pri:0, instance:com.testcases.SelectHotelTest@19d481b] output={null}]]]>
              </value>
            </param>
          </params>
          <reporter-output>
          </reporter-output>
        </test-method> <!-- tearDown -->
      </class> <!-- com.testcases.SelectHotelTest -->
      <class name="com.testcases.LoginTest">
        <test-method is-config="true" signature="setupExtent()[pri:0, instance:com.testcases.LoginTest@4cc8eb05]" started-at="2025-02-11T05:14:47 IST" name="setupExtent" finished-at="2025-02-11T05:14:47 IST" duration-ms="241" status="PASS">
          <reporter-output>
          </reporter-output>
        </test-method> <!-- setupExtent -->
        <test-method is-config="true" signature="setUp(java.lang.String)[pri:0, instance:com.testcases.LoginTest@4cc8eb05]" started-at="2025-02-11T05:14:48 IST" name="setUp" finished-at="2025-02-11T05:14:53 IST" duration-ms="5542" status="PASS">
          <params>
            <param index="0">
              <value>
                <![CDATA[edge]]>
              </value>
            </param>
          </params>
          <reporter-output>
          </reporter-output>
        </test-method> <!-- setUp -->
        <test-method signature="loginTest(java.lang.String,java.lang.String,java.lang.String)[pri:0, instance:com.testcases.LoginTest@4cc8eb05]" started-at="2025-02-11T05:14:53 IST" name="loginTest" data-provider="LoginData" finished-at="2025-02-11T05:14:55 IST" duration-ms="1573" status="PASS">
          <params>
            <param index="0">
              <value>
                <![CDATA[JudaEmmanuel]]>
              </value>
            </param>
            <param index="1">
              <value>
                <![CDATA[Apria@2020]]>
              </value>
            </param>
            <param index="2">
              <value>
                <![CDATA[Valid]]>
              </value>
            </param>
          </params>
          <reporter-output>
          </reporter-output>
        </test-method> <!-- loginTest -->
        <test-method is-config="true" signature="tearDown(org.testng.ITestResult)[pri:0, instance:com.testcases.LoginTest@4cc8eb05]" started-at="2025-02-11T05:14:55 IST" name="tearDown" finished-at="2025-02-11T05:14:57 IST" duration-ms="1604" status="PASS">
          <params>
            <param index="0">
              <value>
                <![CDATA[[TestResult name=loginTest status=SUCCESS method=LoginTest.loginTest(java.lang.String,java.lang.String,java.lang.String)[pri:0, instance:com.testcases.LoginTest@4cc8eb05] output={null}]]]>
              </value>
            </param>
          </params>
          <reporter-output>
          </reporter-output>
        </test-method> <!-- tearDown -->
        <test-method is-config="true" signature="setUp(java.lang.String)[pri:0, instance:com.testcases.LoginTest@4cc8eb05]" started-at="2025-02-11T05:14:57 IST" name="setUp" finished-at="2025-02-11T05:14:59 IST" duration-ms="2383" status="PASS">
          <params>
            <param index="0">
              <value>
                <![CDATA[edge]]>
              </value>
            </param>
          </params>
          <reporter-output>
          </reporter-output>
        </test-method> <!-- setUp -->
        <test-method signature="loginTest(java.lang.String,java.lang.String,java.lang.String)[pri:0, instance:com.testcases.LoginTest@4cc8eb05]" started-at="2025-02-11T05:14:59 IST" name="loginTest" data-provider="LoginData" finished-at="2025-02-11T05:15:01 IST" duration-ms="1806" status="PASS">
          <params>
            <param index="0">
              <value>
                <![CDATA[DanielEbinazer]]>
              </value>
            </param>
            <param index="1">
              <value>
                <![CDATA[Apria@2020]]>
              </value>
            </param>
            <param index="2">
              <value>
                <![CDATA[Invalid Login details or Your Password might have expired.]]>
              </value>
            </param>
          </params>
          <reporter-output>
          </reporter-output>
        </test-method> <!-- loginTest -->
        <test-method is-config="true" signature="tearDown(org.testng.ITestResult)[pri:0, instance:com.testcases.LoginTest@4cc8eb05]" started-at="2025-02-11T05:15:01 IST" name="tearDown" finished-at="2025-02-11T05:15:03 IST" duration-ms="1755" status="PASS">
          <params>
            <param index="0">
              <value>
                <![CDATA[[TestResult name=loginTest status=SUCCESS method=LoginTest.loginTest(java.lang.String,java.lang.String,java.lang.String)[pri:0, instance:com.testcases.LoginTest@4cc8eb05] output={null}]]]>
              </value>
            </param>
          </params>
          <reporter-output>
          </reporter-output>
        </test-method> <!-- tearDown -->
        <test-method is-config="true" signature="setUp(java.lang.String)[pri:0, instance:com.testcases.LoginTest@4cc8eb05]" started-at="2025-02-11T05:15:03 IST" name="setUp" finished-at="2025-02-11T05:15:05 IST" duration-ms="2497" status="PASS">
          <params>
            <param index="0">
              <value>
                <![CDATA[edge]]>
              </value>
            </param>
          </params>
          <reporter-output>
          </reporter-output>
        </test-method> <!-- setUp -->
        <test-method signature="loginTest(java.lang.String,java.lang.String,java.lang.String)[pri:0, instance:com.testcases.LoginTest@4cc8eb05]" started-at="2025-02-11T05:15:05 IST" name="loginTest" data-provider="LoginData" finished-at="2025-02-11T05:15:06 IST" duration-ms="1320" status="PASS">
          <params>
            <param index="0">
              <value>
                <![CDATA[]]>
              </value>
            </param>
            <param index="1">
              <value>
                <![CDATA[InvalidPassword]]>
              </value>
            </param>
            <param index="2">
              <value>
                <![CDATA[Enter Username]]>
              </value>
            </param>
          </params>
          <reporter-output>
          </reporter-output>
        </test-method> <!-- loginTest -->
        <test-method is-config="true" signature="tearDown(org.testng.ITestResult)[pri:0, instance:com.testcases.LoginTest@4cc8eb05]" started-at="2025-02-11T05:15:06 IST" name="tearDown" finished-at="2025-02-11T05:15:09 IST" duration-ms="2102" status="PASS">
          <params>
            <param index="0">
              <value>
                <![CDATA[[TestResult name=loginTest status=SUCCESS method=LoginTest.loginTest(java.lang.String,java.lang.String,java.lang.String)[pri:0, instance:com.testcases.LoginTest@4cc8eb05] output={null}]]]>
              </value>
            </param>
          </params>
          <reporter-output>
          </reporter-output>
        </test-method> <!-- tearDown -->
        <test-method is-config="true" signature="setUp(java.lang.String)[pri:0, instance:com.testcases.LoginTest@4cc8eb05]" started-at="2025-02-11T05:15:09 IST" name="setUp" finished-at="2025-02-11T05:15:11 IST" duration-ms="2763" status="PASS">
          <params>
            <param index="0">
              <value>
                <![CDATA[edge]]>
              </value>
            </param>
          </params>
          <reporter-output>
          </reporter-output>
        </test-method> <!-- setUp -->
        <test-method signature="loginTest(java.lang.String,java.lang.String,java.lang.String)[pri:0, instance:com.testcases.LoginTest@4cc8eb05]" started-at="2025-02-11T05:15:11 IST" name="loginTest" data-provider="LoginData" finished-at="2025-02-11T05:15:13 IST" duration-ms="1410" status="PASS">
          <params>
            <param index="0">
              <value>
                <![CDATA[InvalidUsername]]>
              </value>
            </param>
            <param index="1">
              <value>
                <![CDATA[]]>
              </value>
            </param>
            <param index="2">
              <value>
                <![CDATA[Enter Password]]>
              </value>
            </param>
          </params>
          <reporter-output>
          </reporter-output>
        </test-method> <!-- loginTest -->
        <test-method is-config="true" signature="tearDown(org.testng.ITestResult)[pri:0, instance:com.testcases.LoginTest@4cc8eb05]" started-at="2025-02-11T05:15:13 IST" name="tearDown" finished-at="2025-02-11T05:15:15 IST" duration-ms="2038" status="PASS">
          <params>
            <param index="0">
              <value>
                <![CDATA[[TestResult name=loginTest status=SUCCESS method=LoginTest.loginTest(java.lang.String,java.lang.String,java.lang.String)[pri:0, instance:com.testcases.LoginTest@4cc8eb05] output={null}]]]>
              </value>
            </param>
          </params>
          <reporter-output>
          </reporter-output>
        </test-method> <!-- tearDown -->
        <test-method is-config="true" signature="tearDownExtent()[pri:0, instance:com.testcases.LoginTest@4cc8eb05]" started-at="2025-02-11T05:16:43 IST" name="tearDownExtent" finished-at="2025-02-11T05:16:43 IST" duration-ms="19" status="PASS">
          <reporter-output>
          </reporter-output>
        </test-method> <!-- tearDownExtent -->
      </class> <!-- com.testcases.LoginTest -->
      <class name="com.testcases.SearchHotelTest">
        <test-method is-config="true" signature="setUp(java.lang.String)[pri:0, instance:com.testcases.SearchHotelTest@51f116b8]" started-at="2025-02-11T05:15:15 IST" name="setUp" finished-at="2025-02-11T05:15:17 IST" duration-ms="2424" status="PASS">
          <params>
            <param index="0">
              <value>
                <![CDATA[edge]]>
              </value>
            </param>
          </params>
          <reporter-output>
          </reporter-output>
        </test-method> <!-- setUp -->
        <test-method is-config="true" signature="setupPages()[pri:0, instance:com.testcases.SearchHotelTest@51f116b8]" started-at="2025-02-11T05:15:17 IST" name="setupPages" finished-at="2025-02-11T05:15:17 IST" duration-ms="1" status="PASS">
          <reporter-output>
          </reporter-output>
        </test-method> <!-- setupPages -->
        <test-method signature="searchHotelTest(java.lang.String,java.lang.String,java.lang.String,java.lang.String,java.lang.String,java.lang.String,java.lang.String,java.lang.String)[pri:0, instance:com.testcases.SearchHotelTest@51f116b8]" started-at="2025-02-11T05:15:17 IST" name="searchHotelTest" data-provider="hotelSearchData" finished-at="2025-02-11T05:15:21 IST" duration-ms="3889" status="PASS">
          <params>
            <param index="0">
              <value>
                <![CDATA[JudaEmmanuel]]>
              </value>
            </param>
            <param index="1">
              <value>
                <![CDATA[Apria@2020]]>
              </value>
            </param>
            <param index="2">
              <value>
                <![CDATA[London]]>
              </value>
            </param>
            <param index="3">
              <value>
                <![CDATA[Hotel Hervey]]>
              </value>
            </param>
            <param index="4">
              <value>
                <![CDATA[Standard]]>
              </value>
            </param>
            <param index="5">
              <value>
                <![CDATA[5 - Five]]>
              </value>
            </param>
            <param index="6">
              <value>
                <![CDATA[4 - Four]]>
              </value>
            </param>
            <param index="7">
              <value>
                <![CDATA[1 - One]]>
              </value>
            </param>
          </params>
          <reporter-output>
          </reporter-output>
        </test-method> <!-- searchHotelTest -->
        <test-method is-config="true" signature="tearDown(org.testng.ITestResult)[pri:0, instance:com.testcases.SearchHotelTest@51f116b8]" started-at="2025-02-11T05:15:21 IST" name="tearDown" finished-at="2025-02-11T05:15:23 IST" duration-ms="1403" status="PASS">
          <params>
            <param index="0">
              <value>
                <![CDATA[[TestResult name=searchHotelTest status=SUCCESS method=SearchHotelTest.searchHotelTest(java.lang.String,java.lang.String,java.lang.String,java.lang.String,java.lang.String,java.lang.String,java.lang.String,java.lang.String)[pri:0, instance:com.testcases.SearchHotelTest@51f116b8] output={null}]]]>
              </value>
            </param>
          </params>
          <reporter-output>
          </reporter-output>
        </test-method> <!-- tearDown -->
        <test-method is-config="true" signature="setUp(java.lang.String)[pri:0, instance:com.testcases.SearchHotelTest@51f116b8]" started-at="2025-02-11T05:15:23 IST" name="setUp" finished-at="2025-02-11T05:15:25 IST" duration-ms="2483" status="PASS">
          <params>
            <param index="0">
              <value>
                <![CDATA[edge]]>
              </value>
            </param>
          </params>
          <reporter-output>
          </reporter-output>
        </test-method> <!-- setUp -->
        <test-method is-config="true" signature="setupPages()[pri:0, instance:com.testcases.SearchHotelTest@51f116b8]" started-at="2025-02-11T05:15:25 IST" name="setupPages" finished-at="2025-02-11T05:15:25 IST" duration-ms="1" status="PASS">
          <reporter-output>
          </reporter-output>
        </test-method> <!-- setupPages -->
        <test-method signature="searchHotelTest(java.lang.String,java.lang.String,java.lang.String,java.lang.String,java.lang.String,java.lang.String,java.lang.String,java.lang.String)[pri:0, instance:com.testcases.SearchHotelTest@51f116b8]" started-at="2025-02-11T05:15:25 IST" name="searchHotelTest" data-provider="hotelSearchData" finished-at="2025-02-11T05:15:28 IST" duration-ms="3483" status="PASS">
          <params>
            <param index="0">
              <value>
                <![CDATA[JudaEmmanuel]]>
              </value>
            </param>
            <param index="1">
              <value>
                <![CDATA[Apria@2020]]>
              </value>
            </param>
            <param index="2">
              <value>
                <![CDATA[London]]>
              </value>
            </param>
            <param index="3">
              <value>
                <![CDATA[Hotel Creek]]>
              </value>
            </param>
            <param index="4">
              <value>
                <![CDATA[Super Deluxe]]>
              </value>
            </param>
            <param index="5">
              <value>
                <![CDATA[5 - Five]]>
              </value>
            </param>
            <param index="6">
              <value>
                <![CDATA[2 - Two]]>
              </value>
            </param>
            <param index="7">
              <value>
                <![CDATA[3 - Three]]>
              </value>
            </param>
          </params>
          <reporter-output>
          </reporter-output>
        </test-method> <!-- searchHotelTest -->
        <test-method is-config="true" signature="tearDown(org.testng.ITestResult)[pri:0, instance:com.testcases.SearchHotelTest@51f116b8]" started-at="2025-02-11T05:15:28 IST" name="tearDown" finished-at="2025-02-11T05:15:30 IST" duration-ms="1421" status="PASS">
          <params>
            <param index="0">
              <value>
                <![CDATA[[TestResult name=searchHotelTest status=SUCCESS method=SearchHotelTest.searchHotelTest(java.lang.String,java.lang.String,java.lang.String,java.lang.String,java.lang.String,java.lang.String,java.lang.String,java.lang.String)[pri:0, instance:com.testcases.SearchHotelTest@51f116b8] output={null}]]]>
              </value>
            </param>
          </params>
          <reporter-output>
          </reporter-output>
        </test-method> <!-- tearDown -->
      </class> <!-- com.testcases.SearchHotelTest -->
      <class name="com.testcases.BookingHotelTest">
        <test-method is-config="true" signature="setUp(java.lang.String)[pri:0, instance:com.testcases.BookingHotelTest@1f97cf0d]" started-at="2025-02-11T05:15:46 IST" name="setUp" finished-at="2025-02-11T05:15:49 IST" duration-ms="2431" status="PASS">
          <params>
            <param index="0">
              <value>
                <![CDATA[edge]]>
              </value>
            </param>
          </params>
          <reporter-output>
          </reporter-output>
        </test-method> <!-- setUp -->
        <test-method is-config="true" signature="setupPages()[pri:0, instance:com.testcases.BookingHotelTest@1f97cf0d]" started-at="2025-02-11T05:15:49 IST" name="setupPages" finished-at="2025-02-11T05:15:49 IST" duration-ms="1" status="PASS">
          <reporter-output>
          </reporter-output>
        </test-method> <!-- setupPages -->
        <test-method signature="bookingHotelTest(java.lang.String,java.lang.String,java.lang.String,java.lang.String,java.lang.String,java.lang.String,java.lang.String,java.lang.String,java.lang.String,java.lang.String,java.lang.String,java.lang.String,java.lang.String,java.lang.String,java.lang.String,java.lang.String)[pri:0, instance:com.testcases.BookingHotelTest@1f97cf0d]" started-at="2025-02-11T05:15:49 IST" name="bookingHotelTest" data-provider="bookingData" finished-at="2025-02-11T05:15:58 IST" duration-ms="9280" status="PASS">
          <params>
            <param index="0">
              <value>
                <![CDATA[JudaEmmanuel]]>
              </value>
            </param>
            <param index="1">
              <value>
                <![CDATA[Apria@2020]]>
              </value>
            </param>
            <param index="2">
              <value>
                <![CDATA[New York]]>
              </value>
            </param>
            <param index="3">
              <value>
                <![CDATA[Hotel Sunshine]]>
              </value>
            </param>
            <param index="4">
              <value>
                <![CDATA[Super Deluxe]]>
              </value>
            </param>
            <param index="5">
              <value>
                <![CDATA[10 - Ten]]>
              </value>
            </param>
            <param index="6">
              <value>
                <![CDATA[4 - Four]]>
              </value>
            </param>
            <param index="7">
              <value>
                <![CDATA[4 - Four]]>
              </value>
            </param>
            <param index="8">
              <value>
                <![CDATA[Juda]]>
              </value>
            </param>
            <param index="9">
              <value>
                <![CDATA[Emmanuel]]>
              </value>
            </param>
            <param index="10">
              <value>
                <![CDATA[123 Main St, NY]]>
              </value>
            </param>
            <param index="11">
              <value>
                <![CDATA[1234567891012130]]>
              </value>
            </param>
            <param index="12">
              <value>
                <![CDATA[American Express]]>
              </value>
            </param>
            <param index="13">
              <value>
                <![CDATA[September]]>
              </value>
            </param>
            <param index="14">
              <value>
                <![CDATA[2026]]>
              </value>
            </param>
            <param index="15">
              <value>
                <![CDATA[786]]>
              </value>
            </param>
          </params>
          <reporter-output>
          </reporter-output>
        </test-method> <!-- bookingHotelTest -->
        <test-method is-config="true" signature="tearDown(org.testng.ITestResult)[pri:0, instance:com.testcases.BookingHotelTest@1f97cf0d]" started-at="2025-02-11T05:15:58 IST" name="tearDown" finished-at="2025-02-11T05:16:00 IST" duration-ms="1377" status="PASS">
          <params>
            <param index="0">
              <value>
                <![CDATA[[TestResult name=bookingHotelTest status=SUCCESS method=BookingHotelTest.bookingHotelTest(java.lang.String,java.lang.String,java.lang.String,java.lang.String,java.lang.String,java.lang.String,java.lang.String,java.lang.String,java.lang.String,java.lang.String,java.lang.String,java.lang.String,java.lang.String,java.lang.String,java.lang.String,java.lang.String)[pri:0, instance:com.testcases.BookingHotelTest@1f97cf0d] output={null}]]]>
              </value>
            </param>
          </params>
          <reporter-output>
          </reporter-output>
        </test-method> <!-- tearDown -->
        <test-method is-config="true" signature="setUp(java.lang.String)[pri:0, instance:com.testcases.BookingHotelTest@1f97cf0d]" started-at="2025-02-11T05:16:00 IST" name="setUp" finished-at="2025-02-11T05:16:02 IST" duration-ms="2393" status="PASS">
          <params>
            <param index="0">
              <value>
                <![CDATA[edge]]>
              </value>
            </param>
          </params>
          <reporter-output>
          </reporter-output>
        </test-method> <!-- setUp -->
        <test-method is-config="true" signature="setupPages()[pri:0, instance:com.testcases.BookingHotelTest@1f97cf0d]" started-at="2025-02-11T05:16:02 IST" name="setupPages" finished-at="2025-02-11T05:16:02 IST" duration-ms="1" status="PASS">
          <reporter-output>
          </reporter-output>
        </test-method> <!-- setupPages -->
        <test-method signature="bookingHotelTest(java.lang.String,java.lang.String,java.lang.String,java.lang.String,java.lang.String,java.lang.String,java.lang.String,java.lang.String,java.lang.String,java.lang.String,java.lang.String,java.lang.String,java.lang.String,java.lang.String,java.lang.String,java.lang.String)[pri:0, instance:com.testcases.BookingHotelTest@1f97cf0d]" started-at="2025-02-11T05:16:02 IST" name="bookingHotelTest" data-provider="bookingData" finished-at="2025-02-11T05:16:11 IST" duration-ms="9299" status="PASS">
          <params>
            <param index="0">
              <value>
                <![CDATA[JudaEmmanuel]]>
              </value>
            </param>
            <param index="1">
              <value>
                <![CDATA[Apria@2020]]>
              </value>
            </param>
            <param index="2">
              <value>
                <![CDATA[London]]>
              </value>
            </param>
            <param index="3">
              <value>
                <![CDATA[Hotel Creek]]>
              </value>
            </param>
            <param index="4">
              <value>
                <![CDATA[Deluxe]]>
              </value>
            </param>
            <param index="5">
              <value>
                <![CDATA[5 - Five]]>
              </value>
            </param>
            <param index="6">
              <value>
                <![CDATA[2 - Two]]>
              </value>
            </param>
            <param index="7">
              <value>
                <![CDATA[2 - Two]]>
              </value>
            </param>
            <param index="8">
              <value>
                <![CDATA[Daniel]]>
              </value>
            </param>
            <param index="9">
              <value>
                <![CDATA[Ebinazer]]>
              </value>
            </param>
            <param index="10">
              <value>
                <![CDATA[987 Main St, CO]]>
              </value>
            </param>
            <param index="11">
              <value>
                <![CDATA[9876543210123450]]>
              </value>
            </param>
            <param index="12">
              <value>
                <![CDATA[Master Card]]>
              </value>
            </param>
            <param index="13">
              <value>
                <![CDATA[March]]>
              </value>
            </param>
            <param index="14">
              <value>
                <![CDATA[2027]]>
              </value>
            </param>
            <param index="15">
              <value>
                <![CDATA[619]]>
              </value>
            </param>
          </params>
          <reporter-output>
          </reporter-output>
        </test-method> <!-- bookingHotelTest -->
        <test-method is-config="true" signature="tearDown(org.testng.ITestResult)[pri:0, instance:com.testcases.BookingHotelTest@1f97cf0d]" started-at="2025-02-11T05:16:11 IST" name="tearDown" finished-at="2025-02-11T05:16:12 IST" duration-ms="1243" status="PASS">
          <params>
            <param index="0">
              <value>
                <![CDATA[[TestResult name=bookingHotelTest status=SUCCESS method=BookingHotelTest.bookingHotelTest(java.lang.String,java.lang.String,java.lang.String,java.lang.String,java.lang.String,java.lang.String,java.lang.String,java.lang.String,java.lang.String,java.lang.String,java.lang.String,java.lang.String,java.lang.String,java.lang.String,java.lang.String,java.lang.String)[pri:0, instance:com.testcases.BookingHotelTest@1f97cf0d] output={null}]]]>
              </value>
            </param>
          </params>
          <reporter-output>
          </reporter-output>
        </test-method> <!-- tearDown -->
        <test-method is-config="true" signature="setUp(java.lang.String)[pri:0, instance:com.testcases.BookingHotelTest@1f97cf0d]" started-at="2025-02-11T05:16:12 IST" name="setUp" finished-at="2025-02-11T05:16:15 IST" duration-ms="2645" status="PASS">
          <params>
            <param index="0">
              <value>
                <![CDATA[edge]]>
              </value>
            </param>
          </params>
          <reporter-output>
          </reporter-output>
        </test-method> <!-- setUp -->
        <test-method is-config="true" signature="setupPages()[pri:0, instance:com.testcases.BookingHotelTest@1f97cf0d]" started-at="2025-02-11T05:16:15 IST" name="setupPages" finished-at="2025-02-11T05:16:15 IST" duration-ms="1" status="PASS">
          <reporter-output>
          </reporter-output>
        </test-method> <!-- setupPages -->
        <test-method signature="bookingHotelTest(java.lang.String,java.lang.String,java.lang.String,java.lang.String,java.lang.String,java.lang.String,java.lang.String,java.lang.String,java.lang.String,java.lang.String,java.lang.String,java.lang.String,java.lang.String,java.lang.String,java.lang.String,java.lang.String)[pri:0, instance:com.testcases.BookingHotelTest@1f97cf0d]" started-at="2025-02-11T05:16:15 IST" name="bookingHotelTest" data-provider="bookingData" finished-at="2025-02-11T05:16:24 IST" duration-ms="9035" status="PASS">
          <params>
            <param index="0">
              <value>
                <![CDATA[JudaEmmanuel]]>
              </value>
            </param>
            <param index="1">
              <value>
                <![CDATA[Apria@2020]]>
              </value>
            </param>
            <param index="2">
              <value>
                <![CDATA[Paris]]>
              </value>
            </param>
            <param index="3">
              <value>
                <![CDATA[Hotel Hervey]]>
              </value>
            </param>
            <param index="4">
              <value>
                <![CDATA[Double]]>
              </value>
            </param>
            <param index="5">
              <value>
                <![CDATA[8 - Eight]]>
              </value>
            </param>
            <param index="6">
              <value>
                <![CDATA[3 - Three]]>
              </value>
            </param>
            <param index="7">
              <value>
                <![CDATA[1 - One]]>
              </value>
            </param>
            <param index="8">
              <value>
                <![CDATA[Stanley]]>
              </value>
            </param>
            <param index="9">
              <value>
                <![CDATA[Robert]]>
              </value>
            </param>
            <param index="10">
              <value>
                <![CDATA[619 Main St, CO]]>
              </value>
            </param>
            <param index="11">
              <value>
                <![CDATA[1615141312111090]]>
              </value>
            </param>
            <param index="12">
              <value>
                <![CDATA[VISA]]>
              </value>
            </param>
            <param index="13">
              <value>
                <![CDATA[April]]>
              </value>
            </param>
            <param index="14">
              <value>
                <![CDATA[2028]]>
              </value>
            </param>
            <param index="15">
              <value>
                <![CDATA[420]]>
              </value>
            </param>
          </params>
          <reporter-output>
          </reporter-output>
        </test-method> <!-- bookingHotelTest -->
        <test-method is-config="true" signature="tearDown(org.testng.ITestResult)[pri:0, instance:com.testcases.BookingHotelTest@1f97cf0d]" started-at="2025-02-11T05:16:24 IST" name="tearDown" finished-at="2025-02-11T05:16:25 IST" duration-ms="1233" status="PASS">
          <params>
            <param index="0">
              <value>
                <![CDATA[[TestResult name=bookingHotelTest status=SUCCESS method=BookingHotelTest.bookingHotelTest(java.lang.String,java.lang.String,java.lang.String,java.lang.String,java.lang.String,java.lang.String,java.lang.String,java.lang.String,java.lang.String,java.lang.String,java.lang.String,java.lang.String,java.lang.String,java.lang.String,java.lang.String,java.lang.String)[pri:0, instance:com.testcases.BookingHotelTest@1f97cf0d] output={null}]]]>
              </value>
            </param>
          </params>
          <reporter-output>
          </reporter-output>
        </test-method> <!-- tearDown -->
      </class> <!-- com.testcases.BookingHotelTest -->
    </test> <!-- Edge Test -->
    <test started-at="2025-02-11T05:14:47 IST" name="Firefox Test" finished-at="2025-02-11T05:16:43 IST" duration-ms="116052">
      <class name="com.testcases.SelectHotelTest">
        <test-method is-config="true" signature="setUp(java.lang.String)[pri:0, instance:com.testcases.SelectHotelTest@6a370f4]" started-at="2025-02-11T05:15:43 IST" name="setUp" finished-at="2025-02-11T05:15:49 IST" duration-ms="5762" status="PASS">
          <params>
            <param index="0">
              <value>
                <![CDATA[firefox]]>
              </value>
            </param>
          </params>
          <reporter-output>
          </reporter-output>
        </test-method> <!-- setUp -->
        <test-method is-config="true" signature="setupPages()[pri:0, instance:com.testcases.SelectHotelTest@6a370f4]" started-at="2025-02-11T05:15:49 IST" name="setupPages" finished-at="2025-02-11T05:15:49 IST" duration-ms="2" status="PASS">
          <reporter-output>
          </reporter-output>
        </test-method> <!-- setupPages -->
        <test-method signature="selectHotelTest(java.lang.String,java.lang.String,java.lang.String,java.lang.String,java.lang.String,java.lang.String,java.lang.String,java.lang.String)[pri:0, instance:com.testcases.SelectHotelTest@6a370f4]" started-at="2025-02-11T05:15:49 IST" name="selectHotelTest" data-provider="hotelSelectionData" finished-at="2025-02-11T05:15:52 IST" duration-ms="3700" status="PASS">
          <params>
            <param index="0">
              <value>
                <![CDATA[JudaEmmanuel]]>
              </value>
            </param>
            <param index="1">
              <value>
                <![CDATA[Apria@2020]]>
              </value>
            </param>
            <param index="2">
              <value>
                <![CDATA[London]]>
              </value>
            </param>
            <param index="3">
              <value>
                <![CDATA[Hotel Hervey]]>
              </value>
            </param>
            <param index="4">
              <value>
                <![CDATA[Standard]]>
              </value>
            </param>
            <param index="5">
              <value>
                <![CDATA[5 - Five]]>
              </value>
            </param>
            <param index="6">
              <value>
                <![CDATA[4 - Four]]>
              </value>
            </param>
            <param index="7">
              <value>
                <![CDATA[1 - One]]>
              </value>
            </param>
          </params>
          <reporter-output>
          </reporter-output>
        </test-method> <!-- selectHotelTest -->
        <test-method is-config="true" signature="tearDown(org.testng.ITestResult)[pri:0, instance:com.testcases.SelectHotelTest@6a370f4]" started-at="2025-02-11T05:15:52 IST" name="tearDown" finished-at="2025-02-11T05:15:53 IST" duration-ms="892" status="PASS">
          <params>
            <param index="0">
              <value>
                <![CDATA[[TestResult name=selectHotelTest status=SUCCESS method=SelectHotelTest.selectHotelTest(java.lang.String,java.lang.String,java.lang.String,java.lang.String,java.lang.String,java.lang.String,java.lang.String,java.lang.String)[pri:0, instance:com.testcases.SelectHotelTest@6a370f4] output={null}]]]>
              </value>
            </param>
          </params>
          <reporter-output>
          </reporter-output>
        </test-method> <!-- tearDown -->
        <test-method is-config="true" signature="setUp(java.lang.String)[pri:0, instance:com.testcases.SelectHotelTest@6a370f4]" started-at="2025-02-11T05:15:53 IST" name="setUp" finished-at="2025-02-11T05:15:58 IST" duration-ms="5072" status="PASS">
          <params>
            <param index="0">
              <value>
                <![CDATA[firefox]]>
              </value>
            </param>
          </params>
          <reporter-output>
          </reporter-output>
        </test-method> <!-- setUp -->
        <test-method signature="selectHotelTest(java.lang.String,java.lang.String,java.lang.String,java.lang.String,java.lang.String,java.lang.String,java.lang.String,java.lang.String)[pri:0, instance:com.testcases.SelectHotelTest@6a370f4]" started-at="2025-02-11T05:15:58 IST" name="selectHotelTest" data-provider="hotelSelectionData" finished-at="2025-02-11T05:16:03 IST" duration-ms="4138" status="PASS">
          <params>
            <param index="0">
              <value>
                <![CDATA[JudaEmmanuel]]>
              </value>
            </param>
            <param index="1">
              <value>
                <![CDATA[Apria@2020]]>
              </value>
            </param>
            <param index="2">
              <value>
                <![CDATA[London]]>
              </value>
            </param>
            <param index="3">
              <value>
                <![CDATA[Hotel Creek]]>
              </value>
            </param>
            <param index="4">
              <value>
                <![CDATA[Super Deluxe]]>
              </value>
            </param>
            <param index="5">
              <value>
                <![CDATA[5 - Five]]>
              </value>
            </param>
            <param index="6">
[...]
              </value>
            </param>
            <param index="1">
              <value>
                <![CDATA[Apria@2020]]>
              </value>
            </param>
            <param index="2">
              <value>
                <![CDATA[New York]]>
              </value>
            </param>
            <param index="3">
              <value>
                <![CDATA[Hotel Sunshine]]>
              </value>
            </param>
            <param index="4">
              <value>
                <![CDATA[Super Deluxe]]>
              </value>
            </param>
            <param index="5">
              <value>
                <![CDATA[10 - Ten]]>
              </value>
            </param>
            <param index="6">
              <value>
                <![CDATA[4 - Four]]>
              </value>
            </param>
            <param index="7">
              <value>
                <![CDATA[4 - Four]]>
              </value>
            </param>
            <param index="8">
              <value>
                <![CDATA[Juda]]>
              </value>
            </param>
            <param index="9">
              <value>
                <![CDATA[Emmanuel]]>
              </value>
            </param>
            <param index="10">
              <value>
                <![CDATA[123 Main St, NY]]>
              </value>
            </param>
            <param index="11">
              <value>
                <![CDATA[1234567891012130]]>
              </value>
            </param>
            <param index="12">
              <value>
                <![CDATA[American Express]]>
              </value>
            </param>
            <param index="13">
              <value>
                <![CDATA[September]]>
              </value>
            </param>
            <param index="14">
              <value>
                <![CDATA[2026]]>
              </value>
            </param>
            <param index="15">
              <value>
                <![CDATA[786]]>
              </value>
            </param>
          </params>
          <exception class="java.lang.AssertionError">
            <message>
              <![CDATA[Booking failed! Confirmation not displayed. expected [true] but found [false]]]>
            </message>
            <full-stacktrace>
              <![CDATA[java.lang.AssertionError: Booking failed! Confirmation not displayed. expected [true] but found [false]
at org.testng.Assert.fail(Assert.java:111)
at org.testng.Assert.failNotEquals(Assert.java:1578)
at org.testng.Assert.assertTrue(Assert.java:57)
at com.testcases.BookingHotelTest.bookingHotelTest(BookingHotelTest.java:58)
at java.base/jdk.internal.reflect.DirectMethodHandleAccessor.invoke(DirectMethodHandleAccessor.java:103)
at java.base/java.lang.reflect.Method.invoke(Method.java:580)
at org.testng.internal.invokers.MethodInvocationHelper.invokeMethod(MethodInvocationHelper.java:141)
at org.testng.internal.invokers.TestInvoker.invokeMethod(TestInvoker.java:686)
at org.testng.internal.invokers.TestInvoker.invokeTestMethod(TestInvoker.java:230)
at org.testng.internal.invokers.MethodRunner.runInSequence(MethodRunner.java:63)
at org.testng.internal.invokers.TestInvoker$MethodInvocationAgent.invoke(TestInvoker.java:992)
at org.testng.internal.invokers.TestInvoker.invokeTestMethods(TestInvoker.java:203)
at org.testng.internal.invokers.TestMethodWorker.invokeTestMethods(TestMethodWorker.java:154)
at org.testng.internal.invokers.TestMethodWorker.run(TestMethodWorker.java:134)
at java.base/java.util.ArrayList.forEach(ArrayList.java:1597)
at org.testng.TestRunner.privateRun(TestRunner.java:739)
at org.testng.TestRunner.run(TestRunner.java:614)
at org.testng.SuiteRunner.runTest(SuiteRunner.java:421)
at org.testng.SuiteRunner$SuiteWorker.run(SuiteRunner.java:463)
at org.testng.internal.thread.ThreadUtil.lambda$execute$0(ThreadUtil.java:64)
at java.base/java.util.concurrent.FutureTask.run(FutureTask.java:317)
at java.base/java.util.concurrent.ThreadPoolExecutor.runWorker(ThreadPoolExecutor.java:1144)
at java.base/java.util.concurrent.ThreadPoolExecutor$Worker.run(ThreadPoolExecutor.java:642)
at java.base/java.lang.Thread.run(Thread.java:1575)
]]>
            </full-stacktrace>
          </exception> <!-- java.lang.AssertionError -->
          <reporter-output>
          </reporter-output>
        </test-method> <!-- bookingHotelTest -->
        <test-method is-config="true" signature="setupPages()[pri:0, instance:com.testcases.BookingHotelTest@2abf4075]" started-at="2025-02-11T05:16:09 IST" name="setupPages" finished-at="2025-02-11T05:16:09 IST" duration-ms="0" status="PASS">
          <reporter-output>
          </reporter-output>
        </test-method> <!-- setupPages -->
        <test-method is-config="true" signature="tearDown(org.testng.ITestResult)[pri:0, instance:com.testcases.BookingHotelTest@2abf4075]" started-at="2025-02-11T05:16:16 IST" name="tearDown" finished-at="2025-02-11T05:16:17 IST" duration-ms="868" status="PASS">
          <params>
            <param index="0">
              <value>
                <![CDATA[[TestResult name=bookingHotelTest status=FAILURE method=BookingHotelTest.bookingHotelTest(java.lang.String,java.lang.String,java.lang.String,java.lang.String,java.lang.String,java.lang.String,java.lang.String,java.lang.String,java.lang.String,java.lang.String,java.lang.String,java.lang.String,java.lang.String,java.lang.String,java.lang.String,java.lang.String)[pri:0, instance:com.testcases.BookingHotelTest@2abf4075] output={null}]]]>
              </value>
            </param>
          </params>
          <reporter-output>
          </reporter-output>
        </test-method> <!-- tearDown -->
        <test-method is-config="true" signature="setUp(java.lang.String)[pri:0, instance:com.testcases.BookingHotelTest@2abf4075]" started-at="2025-02-11T05:16:17 IST" name="setUp" finished-at="2025-02-11T05:16:22 IST" duration-ms="4718" status="PASS">
          <params>
            <param index="0">
              <value>
                <![CDATA[firefox]]>
              </value>
            </param>
          </params>
          <reporter-output>
          </reporter-output>
        </test-method> <!-- setUp -->
        <test-method is-config="true" signature="setupPages()[pri:0, instance:com.testcases.BookingHotelTest@2abf4075]" started-at="2025-02-11T05:16:22 IST" name="setupPages" finished-at="2025-02-11T05:16:22 IST" duration-ms="1" status="PASS">
          <reporter-output>
          </reporter-output>
        </test-method> <!-- setupPages -->
        <test-method signature="bookingHotelTest(java.lang.String,java.lang.String,java.lang.String,java.lang.String,java.lang.String,java.lang.String,java.lang.String,java.lang.String,java.lang.String,java.lang.String,java.lang.String,java.lang.String,java.lang.String,java.lang.String,java.lang.String,java.lang.String)[pri:0, instance:com.testcases.BookingHotelTest@2abf4075]" started-at="2025-02-11T05:16:22 IST" name="bookingHotelTest" data-provider="bookingData" finished-at="2025-02-11T05:16:29 IST" duration-ms="7296" status="FAIL">
          <params>
            <param index="0">
              <value>
                <![CDATA[JudaEmmanuel]]>
              </value>
            </param>
            <param index="1">
              <value>
                <![CDATA[Apria@2020]]>
              </value>
            </param>
            <param index="2">
              <value>
                <![CDATA[London]]>
              </value>
            </param>
            <param index="3">
              <value>
                <![CDATA[Hotel Creek]]>
              </value>
            </param>
            <param index="4">
              <value>
                <![CDATA[Deluxe]]>
              </value>
            </param>
            <param index="5">
              <value>
                <![CDATA[5 - Five]]>
              </value>
            </param>
            <param index="6">
              <value>
                <![CDATA[2 - Two]]>
              </value>
            </param>
            <param index="7">
              <value>
                <![CDATA[2 - Two]]>
              </value>
            </param>
            <param index="8">
              <value>
                <![CDATA[Daniel]]>
              </value>
            </param>
            <param index="9">
              <value>
                <![CDATA[Ebinazer]]>
              </value>
            </param>
            <param index="10">
              <value>
                <![CDATA[987 Main St, CO]]>
              </value>
            </param>
            <param index="11">
              <value>
                <![CDATA[9876543210123450]]>
              </value>
            </param>
            <param index="12">
              <value>
                <![CDATA[Master Card]]>
              </value>
            </param>
            <param index="13">
              <value>
                <![CDATA[March]]>
              </value>
            </param>
            <param index="14">
              <value>
                <![CDATA[2027]]>
              </value>
            </param>
            <param index="15">
              <value>
                <![CDATA[619]]>
              </value>
            </param>
          </params>
          <exception class="java.lang.AssertionError">
            <message>
              <![CDATA[Booking failed! Confirmation not displayed. expected [true] but found [false]]]>
            </message>
            <full-stacktrace>
              <![CDATA[java.lang.AssertionError: Booking failed! Confirmation not displayed. expected [true] but found [false]
at org.testng.Assert.fail(Assert.java:111)
at org.testng.Assert.failNotEquals(Assert.java:1578)
at org.testng.Assert.assertTrue(Assert.java:57)
at com.testcases.BookingHotelTest.bookingHotelTest(BookingHotelTest.java:58)
at java.base/jdk.internal.reflect.DirectMethodHandleAccessor.invoke(DirectMethodHandleAccessor.java:103)
at java.base/java.lang.reflect.Method.invoke(Method.java:580)
at org.testng.internal.invokers.MethodInvocationHelper.invokeMethod(MethodInvocationHelper.java:141)
at org.testng.internal.invokers.TestInvoker.invokeMethod(TestInvoker.java:686)
at org.testng.internal.invokers.TestInvoker.invokeTestMethod(TestInvoker.java:230)
at org.testng.internal.invokers.MethodRunner.runInSequence(MethodRunner.java:63)
at org.testng.internal.invokers.TestInvoker$MethodInvocationAgent.invoke(TestInvoker.java:992)
at org.testng.internal.invokers.TestInvoker.invokeTestMethods(TestInvoker.java:203)
at org.testng.internal.invokers.TestMethodWorker.invokeTestMethods(TestMethodWorker.java:154)
at org.testng.internal.invokers.TestMethodWorker.run(TestMethodWorker.java:134)
at java.base/java.util.ArrayList.forEach(ArrayList.java:1597)
at org.testng.TestRunner.privateRun(TestRunner.java:739)
at org.testng.TestRunner.run(TestRunner.java:614)
at org.testng.SuiteRunner.runTest(SuiteRunner.java:421)
at org.testng.SuiteRunner$SuiteWorker.run(SuiteRunner.java:463)
at org.testng.internal.thread.ThreadUtil.lambda$execute$0(ThreadUtil.java:64)
at java.base/java.util.concurrent.FutureTask.run(FutureTask.java:317)
at java.base/java.util.concurrent.ThreadPoolExecutor.runWorker(ThreadPoolExecutor.java:1144)
at java.base/java.util.concurrent.ThreadPoolExecutor$Worker.run(ThreadPoolExecutor.java:642)
at java.base/java.lang.Thread.run(Thread.java:1575)
]]>
            </full-stacktrace>
          </exception> <!-- java.lang.AssertionError -->
          <reporter-output>
          </reporter-output>
        </test-method> <!-- bookingHotelTest -->
        <test-method is-config="true" signature="tearDown(org.testng.ITestResult)[pri:0, instance:com.testcases.BookingHotelTest@2abf4075]" started-at="2025-02-11T05:16:29 IST" name="tearDown" finished-at="2025-02-11T05:16:30 IST" duration-ms="829" status="PASS">
          <params>
            <param index="0">
              <value>
                <![CDATA[[TestResult name=bookingHotelTest status=FAILURE method=BookingHotelTest.bookingHotelTest(java.lang.String,java.lang.String,java.lang.String,java.lang.String,java.lang.String,java.lang.String,java.lang.String,java.lang.String,java.lang.String,java.lang.String,java.lang.String,java.lang.String,java.lang.String,java.lang.String,java.lang.String,java.lang.String)[pri:0, instance:com.testcases.BookingHotelTest@2abf4075] output={null}]]]>
              </value>
            </param>
          </params>
          <reporter-output>
          </reporter-output>
        </test-method> <!-- tearDown -->
        <test-method is-config="true" signature="setUp(java.lang.String)[pri:0, instance:com.testcases.BookingHotelTest@2abf4075]" started-at="2025-02-11T05:16:30 IST" name="setUp" finished-at="2025-02-11T05:16:35 IST" duration-ms="4489" status="PASS">
          <params>
            <param index="0">
              <value>
                <![CDATA[firefox]]>
              </value>
            </param>
          </params>
          <reporter-output>
          </reporter-output>
        </test-method> <!-- setUp -->
        <test-method is-config="true" signature="setupPages()[pri:0, instance:com.testcases.BookingHotelTest@2abf4075]" started-at="2025-02-11T05:16:35 IST" name="setupPages" finished-at="2025-02-11T05:16:35 IST" duration-ms="1" status="PASS">
          <reporter-output>
          </reporter-output>
        </test-method> <!-- setupPages -->
        <test-method signature="bookingHotelTest(java.lang.String,java.lang.String,java.lang.String,java.lang.String,java.lang.String,java.lang.String,java.lang.String,java.lang.String,java.lang.String,java.lang.String,java.lang.String,java.lang.String,java.lang.String,java.lang.String,java.lang.String,java.lang.String)[pri:0, instance:com.testcases.BookingHotelTest@2abf4075]" started-at="2025-02-11T05:16:35 IST" name="bookingHotelTest" data-provider="bookingData" finished-at="2025-02-11T05:16:42 IST" duration-ms="7566" status="FAIL">
          <params>
            <param index="0">
              <value>
                <![CDATA[JudaEmmanuel]]>
              </value>
            </param>
            <param index="1">
              <value>
                <![CDATA[Apria@2020]]>
              </value>
            </param>
            <param index="2">
              <value>
                <![CDATA[Paris]]>
              </value>
            </param>
            <param index="3">
              <value>
                <![CDATA[Hotel Hervey]]>
              </value>
            </param>
            <param index="4">
              <value>
                <![CDATA[Double]]>
              </value>
            </param>
            <param index="5">
              <value>
                <![CDATA[8 - Eight]]>
              </value>
            </param>
            <param index="6">
              <value>
                <![CDATA[3 - Three]]>
              </value>
            </param>
            <param index="7">
              <value>
                <![CDATA[1 - One]]>
              </value>
            </param>
            <param index="8">
              <value>
                <![CDATA[Stanley]]>
              </value>
            </param>
            <param index="9">
              <value>
                <![CDATA[Robert]]>
              </value>
            </param>
            <param index="10">
              <value>
                <![CDATA[619 Main St, CO]]>
              </value>
            </param>
            <param index="11">
              <value>
                <![CDATA[1615141312111090]]>
              </value>
            </param>
            <param index="12">
              <value>
                <![CDATA[VISA]]>
              </value>
            </param>
            <param index="13">
              <value>
                <![CDATA[April]]>
              </value>
            </param>
            <param index="14">
              <value>
                <![CDATA[2028]]>
              </value>
            </param>
            <param index="15">
              <value>
                <![CDATA[420]]>
              </value>
            </param>
          </params>
          <exception class="java.lang.AssertionError">
            <message>
              <![CDATA[Booking failed! Confirmation not displayed. expected [true] but found [false]]]>
            </message>
            <full-stacktrace>
              <![CDATA[java.lang.AssertionError: Booking failed! Confirmation not displayed. expected [true] but found [false]
at org.testng.Assert.fail(Assert.java:111)
at org.testng.Assert.failNotEquals(Assert.java:1578)
at org.testng.Assert.assertTrue(Assert.java:57)
at com.testcases.BookingHotelTest.bookingHotelTest(BookingHotelTest.java:58)
at java.base/jdk.internal.reflect.DirectMethodHandleAccessor.invoke(DirectMethodHandleAccessor.java:103)
at java.base/java.lang.reflect.Method.invoke(Method.java:580)
at org.testng.internal.invokers.MethodInvocationHelper.invokeMethod(MethodInvocationHelper.java:141)
at org.testng.internal.invokers.TestInvoker.invokeMethod(TestInvoker.java:686)
at org.testng.internal.invokers.TestInvoker.invokeTestMethod(TestInvoker.java:230)
at org.testng.internal.invokers.MethodRunner.runInSequence(MethodRunner.java:63)
at org.testng.internal.invokers.TestInvoker$MethodInvocationAgent.invoke(TestInvoker.java:992)
at org.testng.internal.invokers.TestInvoker.invokeTestMethods(TestInvoker.java:203)
at org.testng.internal.invokers.TestMethodWorker.invokeTestMethods(TestMethodWorker.java:154)
at org.testng.internal.invokers.TestMethodWorker.run(TestMethodWorker.java:134)
at java.base/java.util.ArrayList.forEach(ArrayList.java:1597)
at org.testng.TestRunner.privateRun(TestRunner.java:739)
at org.testng.TestRunner.run(TestRunner.java:614)
at org.testng.SuiteRunner.runTest(SuiteRunner.java:421)
at org.testng.SuiteRunner$SuiteWorker.run(SuiteRunner.java:463)
at org.testng.internal.thread.ThreadUtil.lambda$execute$0(ThreadUtil.java:64)
at java.base/java.util.concurrent.FutureTask.run(FutureTask.java:317)
at java.base/java.util.concurrent.ThreadPoolExecutor.runWorker(ThreadPoolExecutor.java:1144)
at java.base/java.util.concurrent.ThreadPoolExecutor$Worker.run(ThreadPoolExecutor.java:642)
at java.base/java.lang.Thread.run(Thread.java:1575)
]]>
            </full-stacktrace>
          </exception> <!-- java.lang.AssertionError -->
          <reporter-output>
          </reporter-output>
        </test-method> <!-- bookingHotelTest -->
        <test-method is-config="true" signature="tearDown(org.testng.ITestResult)[pri:0, instance:com.testcases.BookingHotelTest@2abf4075]" started-at="2025-02-11T05:16:42 IST" name="tearDown" finished-at="2025-02-11T05:16:43 IST" duration-ms="726" status="PASS">
          <params>
            <param index="0">
              <value>
                <![CDATA[[TestResult name=bookingHotelTest status=FAILURE method=BookingHotelTest.bookingHotelTest(java.lang.String,java.lang.String,java.lang.String,java.lang.String,java.lang.String,java.lang.String,java.lang.String,java.lang.String,java.lang.String,java.lang.String,java.lang.String,java.lang.String,java.lang.String,java.lang.String,java.lang.String,java.lang.String)[pri:0, instance:com.testcases.BookingHotelTest@2abf4075] output={null}]]]>
              </value>
            </param>
          </params>
          <reporter-output>
          </reporter-output>
        </test-method> <!-- tearDown -->
      </class> <!-- com.testcases.BookingHotelTest -->
    </test> <!-- Firefox Test -->
  </suite> <!-- Adactin Suite -->
</testng-results>
