<?xml version="1.0" encoding="UTF-8"?>
<testng-results ignored="0" total="7" passed="7" failed="0" skipped="0">
  <reporter-output>
  </reporter-output>
  <suite started-at="2025-01-13T19:08:01 IST" name="Default suite" finished-at="2025-01-13T19:08:34 IST" duration-ms="33006">
    <groups>
    </groups>
    <test started-at="2025-01-13T19:08:01 IST" name="Default test" finished-at="2025-01-13T19:08:34 IST" duration-ms="33006">
      <class name="DemoBlaze_Project.DemoBlaze_Project.DemoBlaze_Test">
        <test-method is-config="true" signature="setUp()[pri:0, instance:DemoBlaze_Project.DemoBlaze_Project.DemoBlaze_Test@24569dba]" started-at="2025-01-13T19:08:01 IST" name="setUp" finished-at="2025-01-13T19:08:03 IST" duration-ms="2344" status="PASS">
          <reporter-output>
          </reporter-output>
        </test-method> <!-- setUp -->
        <test-method is-config="true" signature="setUpPages()[pri:0, instance:DemoBlaze_Project.DemoBlaze_Project.DemoBlaze_Test@24569dba]" started-at="2025-01-13T19:08:03 IST" name="setUpPages" finished-at="2025-01-13T19:08:03 IST" duration-ms="26" status="PASS">
          <reporter-output>
          </reporter-output>
        </test-method> <!-- setUpPages -->
        <test-method signature="testSignUpButtonVisibility()[pri:1, instance:DemoBlaze_Project.DemoBlaze_Project.DemoBlaze_Test@24569dba]" started-at="2025-01-13T19:08:03 IST" name="testSignUpButtonVisibility" finished-at="2025-01-13T19:08:03 IST" duration-ms="56" status="PASS">
          <reporter-output>
          </reporter-output>
        </test-method> <!-- testSignUpButtonVisibility -->
        <test-method signature="testLoginButtonVisibility1()[pri:2, instance:DemoBlaze_Project.DemoBlaze_Project.DemoBlaze_Test@24569dba]" started-at="2025-01-13T19:08:03 IST" name="testLoginButtonVisibility1" finished-at="2025-01-13T19:08:03 IST" duration-ms="44" status="PASS">
          <reporter-output>
          </reporter-output>
        </test-method> <!-- testLoginButtonVisibility1 -->
        <test-method signature="testSiteLogoVisibility()[pri:3, instance:DemoBlaze_Project.DemoBlaze_Project.DemoBlaze_Test@24569dba]" started-at="2025-01-13T19:08:03 IST" name="testSiteLogoVisibility" finished-at="2025-01-13T19:08:03 IST" duration-ms="32" status="PASS">
          <reporter-output>
          </reporter-output>
        </test-method> <!-- testSiteLogoVisibility -->
        <test-method signature="testSignupButtonVisibility()[pri:4, instance:DemoBlaze_Project.DemoBlaze_Project.DemoBlaze_Test@24569dba]" started-at="2025-01-13T19:08:03 IST" name="testSignupButtonVisibility" finished-at="2025-01-13T19:08:04 IST" duration-ms="347" status="PASS">
          <reporter-output>
          </reporter-output>
        </test-method> <!-- testSignupButtonVisibility -->
        <test-method signature="testLoginButtonVisibility()[pri:6, instance:DemoBlaze_Project.DemoBlaze_Project.DemoBlaze_Test@24569dba]" started-at="2025-01-13T19:08:04 IST" name="testLoginButtonVisibility" finished-at="2025-01-13T19:08:04 IST" duration-ms="91" status="PASS">
          <reporter-output>
          </reporter-output>
        </test-method> <!-- testLoginButtonVisibility -->
        <test-method signature="testLoginFunctionality()[pri:7, instance:DemoBlaze_Project.DemoBlaze_Project.DemoBlaze_Test@24569dba]" started-at="2025-01-13T19:08:04 IST" name="testLoginFunctionality" finished-at="2025-01-13T19:08:08 IST" duration-ms="3889" status="PASS">
          <reporter-output>
          </reporter-output>
        </test-method> <!-- testLoginFunctionality -->
        <test-method signature="testPlaceOrder()[pri:8, instance:DemoBlaze_Project.DemoBlaze_Project.DemoBlaze_Test@24569dba]" started-at="2025-01-13T19:08:08 IST" name="testPlaceOrder" finished-at="2025-01-13T19:08:33 IST" duration-ms="25924" status="PASS">
          <reporter-output>
          </reporter-output>
        </test-method> <!-- testPlaceOrder -->
        <test-method is-config="true" signature="tearDown()[pri:0, instance:DemoBlaze_Project.DemoBlaze_Project.DemoBlaze_Test@24569dba]" started-at="2025-01-13T19:08:33 IST" name="tearDown" finished-at="2025-01-13T19:08:34 IST" duration-ms="204" status="PASS">
          <reporter-output>
          </reporter-output>
        </test-method> <!-- tearDown -->
      </class> <!-- DemoBlaze_Project.DemoBlaze_Project.DemoBlaze_Test -->
    </test> <!-- Default test -->
  </suite> <!-- Default suite -->
</testng-results>
