<?xml version="1.0" encoding="UTF-8"?>
<testng-results ignored="0" total="7" passed="7" failed="0" skipped="0">
  <reporter-output>
  </reporter-output>
  <suite started-at="2025-01-13T19:39:14 IST" name="Default suite" finished-at="2025-01-13T19:39:47 IST" duration-ms="32997">
    <groups>
    </groups>
    <test started-at="2025-01-13T19:39:14 IST" name="Default test" finished-at="2025-01-13T19:39:47 IST" duration-ms="32997">
      <class name="DemoBlaze_Project.DemoBlaze_Project.DemoBlaze_Test">
        <test-method is-config="true" signature="setUp()[pri:0, instance:DemoBlaze_Project.DemoBlaze_Project.DemoBlaze_Test@7188af83]" started-at="2025-01-13T19:39:14 IST" name="setUp" finished-at="2025-01-13T19:39:16 IST" duration-ms="2372" status="PASS">
          <reporter-output>
          </reporter-output>
        </test-method> <!-- setUp -->
        <test-method is-config="true" signature="setUpPages()[pri:0, instance:DemoBlaze_Project.DemoBlaze_Project.DemoBlaze_Test@7188af83]" started-at="2025-01-13T19:39:16 IST" name="setUpPages" finished-at="2025-01-13T19:39:16 IST" duration-ms="28" status="PASS">
          <reporter-output>
          </reporter-output>
        </test-method> <!-- setUpPages -->
        <test-method signature="testSignUpButtonVisibility()[pri:1, instance:DemoBlaze_Project.DemoBlaze_Project.DemoBlaze_Test@7188af83]" started-at="2025-01-13T19:39:16 IST" name="testSignUpButtonVisibility" finished-at="2025-01-13T19:39:16 IST" duration-ms="41" status="PASS">
          <reporter-output>
          </reporter-output>
        </test-method> <!-- testSignUpButtonVisibility -->
        <test-method is-config="true" signature="takeScreenshotOnFailure(org.testng.ITestResult)[pri:0, instance:DemoBlaze_Project.DemoBlaze_Project.DemoBlaze_Test@7188af83]" started-at="2025-01-13T19:39:16 IST" name="takeScreenshotOnFailure" finished-at="2025-01-13T19:39:16 IST" duration-ms="2" status="PASS">
          <params>
            <param index="0">
              <value>
                <![CDATA[[TestResult name=testSignUpButtonVisibility status=SUCCESS method=DemoBlaze_Test.testSignUpButtonVisibility()[pri:1, instance:DemoBlaze_Project.DemoBlaze_Project.DemoBlaze_Test@7188af83] output={null}]]]>
              </value>
            </param>
          </params>
          <reporter-output>
          </reporter-output>
        </test-method> <!-- takeScreenshotOnFailure -->
        <test-method signature="testLoginButtonVisibility1()[pri:2, instance:DemoBlaze_Project.DemoBlaze_Project.DemoBlaze_Test@7188af83]" started-at="2025-01-13T19:39:16 IST" name="testLoginButtonVisibility1" finished-at="2025-01-13T19:39:17 IST" duration-ms="64" status="PASS">
          <reporter-output>
          </reporter-output>
        </test-method> <!-- testLoginButtonVisibility1 -->
        <test-method is-config="true" signature="takeScreenshotOnFailure(org.testng.ITestResult)[pri:0, instance:DemoBlaze_Project.DemoBlaze_Project.DemoBlaze_Test@7188af83]" started-at="2025-01-13T19:39:17 IST" name="takeScreenshotOnFailure" finished-at="2025-01-13T19:39:17 IST" duration-ms="0" status="PASS">
          <params>
            <param index="0">
              <value>
                <![CDATA[[TestResult name=testLoginButtonVisibility1 status=SUCCESS method=DemoBlaze_Test.testLoginButtonVisibility1()[pri:2, instance:DemoBlaze_Project.DemoBlaze_Project.DemoBlaze_Test@7188af83] output={null}]]]>
              </value>
            </param>
          </params>
          <reporter-output>
          </reporter-output>
        </test-method> <!-- takeScreenshotOnFailure -->
        <test-method signature="testSiteLogoVisibility()[pri:3, instance:DemoBlaze_Project.DemoBlaze_Project.DemoBlaze_Test@7188af83]" started-at="2025-01-13T19:39:17 IST" name="testSiteLogoVisibility" finished-at="2025-01-13T19:39:17 IST" duration-ms="35" status="PASS">
          <reporter-output>
          </reporter-output>
        </test-method> <!-- testSiteLogoVisibility -->
        <test-method is-config="true" signature="takeScreenshotOnFailure(org.testng.ITestResult)[pri:0, instance:DemoBlaze_Project.DemoBlaze_Project.DemoBlaze_Test@7188af83]" started-at="2025-01-13T19:39:17 IST" name="takeScreenshotOnFailure" finished-at="2025-01-13T19:39:17 IST" duration-ms="0" status="PASS">
          <params>
            <param index="0">
              <value>
                <![CDATA[[TestResult name=testSiteLogoVisibility status=SUCCESS method=DemoBlaze_Test.testSiteLogoVisibility()[pri:3, instance:DemoBlaze_Project.DemoBlaze_Project.DemoBlaze_Test@7188af83] output={null}]]]>
              </value>
            </param>
          </params>
          <reporter-output>
          </reporter-output>
        </test-method> <!-- takeScreenshotOnFailure -->
        <test-method signature="testSignupButtonVisibility()[pri:4, instance:DemoBlaze_Project.DemoBlaze_Project.DemoBlaze_Test@7188af83]" started-at="2025-01-13T19:39:17 IST" name="testSignupButtonVisibility" finished-at="2025-01-13T19:39:17 IST" duration-ms="106" status="PASS">
          <reporter-output>
          </reporter-output>
        </test-method> <!-- testSignupButtonVisibility -->
        <test-method signature="testLoginButtonVisibility()[pri:6, instance:DemoBlaze_Project.DemoBlaze_Project.DemoBlaze_Test@7188af83]" started-at="2025-01-13T19:39:17 IST" name="testLoginButtonVisibility" finished-at="2025-01-13T19:39:17 IST" duration-ms="99" status="PASS">
          <reporter-output>
          </reporter-output>
        </test-method> <!-- testLoginButtonVisibility -->
        <test-method is-config="true" signature="takeScreenshotOnFailure(org.testng.ITestResult)[pri:0, instance:DemoBlaze_Project.DemoBlaze_Project.DemoBlaze_Test@7188af83]" started-at="2025-01-13T19:39:17 IST" name="takeScreenshotOnFailure" finished-at="2025-01-13T19:39:17 IST" duration-ms="0" status="PASS">
          <params>
            <param index="0">
              <value>
                <![CDATA[[TestResult name=testSignupButtonVisibility status=SUCCESS method=DemoBlaze_Test.testSignupButtonVisibility()[pri:4, instance:DemoBlaze_Project.DemoBlaze_Project.DemoBlaze_Test@7188af83] output={null}]]]>
              </value>
            </param>
          </params>
          <reporter-output>
          </reporter-output>
        </test-method> <!-- takeScreenshotOnFailure -->
        <test-method is-config="true" signature="takeScreenshotOnFailure(org.testng.ITestResult)[pri:0, instance:DemoBlaze_Project.DemoBlaze_Project.DemoBlaze_Test@7188af83]" started-at="2025-01-13T19:39:17 IST" name="takeScreenshotOnFailure" finished-at="2025-01-13T19:39:17 IST" duration-ms="0" status="PASS">
          <params>
            <param index="0">
              <value>
                <![CDATA[[TestResult name=testLoginButtonVisibility status=SUCCESS method=DemoBlaze_Test.testLoginButtonVisibility()[pri:6, instance:DemoBlaze_Project.DemoBlaze_Project.DemoBlaze_Test@7188af83] output={null}]]]>
              </value>
            </param>
          </params>
          <reporter-output>
          </reporter-output>
        </test-method> <!-- takeScreenshotOnFailure -->
        <test-method signature="testLoginFunctionality()[pri:7, instance:DemoBlaze_Project.DemoBlaze_Project.DemoBlaze_Test@7188af83]" started-at="2025-01-13T19:39:17 IST" name="testLoginFunctionality" finished-at="2025-01-13T19:39:21 IST" duration-ms="3965" status="PASS">
          <reporter-output>
          </reporter-output>
        </test-method> <!-- testLoginFunctionality -->
        <test-method is-config="true" signature="takeScreenshotOnFailure(org.testng.ITestResult)[pri:0, instance:DemoBlaze_Project.DemoBlaze_Project.DemoBlaze_Test@7188af83]" started-at="2025-01-13T19:39:21 IST" name="takeScreenshotOnFailure" finished-at="2025-01-13T19:39:21 IST" duration-ms="0" status="PASS">
          <params>
            <param index="0">
              <value>
                <![CDATA[[TestResult name=testLoginFunctionality status=SUCCESS method=DemoBlaze_Test.testLoginFunctionality()[pri:7, instance:DemoBlaze_Project.DemoBlaze_Project.DemoBlaze_Test@7188af83] output={null}]]]>
              </value>
            </param>
          </params>
          <reporter-output>
          </reporter-output>
        </test-method> <!-- takeScreenshotOnFailure -->
        <test-method signature="testPlaceOrder()[pri:8, instance:DemoBlaze_Project.DemoBlaze_Project.DemoBlaze_Test@7188af83]" started-at="2025-01-13T19:39:21 IST" name="testPlaceOrder" finished-at="2025-01-13T19:39:47 IST" duration-ms="26017" status="PASS">
          <reporter-output>
          </reporter-output>
        </test-method> <!-- testPlaceOrder -->
        <test-method is-config="true" signature="tearDown()[pri:0, instance:DemoBlaze_Project.DemoBlaze_Project.DemoBlaze_Test@7188af83]" started-at="2025-01-13T19:39:47 IST" name="tearDown" finished-at="2025-01-13T19:39:47 IST" duration-ms="218" status="PASS">
          <reporter-output>
          </reporter-output>
        </test-method> <!-- tearDown -->
        <test-method is-config="true" signature="takeScreenshotOnFailure(org.testng.ITestResult)[pri:0, instance:DemoBlaze_Project.DemoBlaze_Project.DemoBlaze_Test@7188af83]" started-at="2025-01-13T19:39:47 IST" name="takeScreenshotOnFailure" finished-at="2025-01-13T19:39:47 IST" duration-ms="0" status="PASS">
          <params>
            <param index="0">
              <value>
                <![CDATA[[TestResult name=testPlaceOrder status=SUCCESS method=DemoBlaze_Test.testPlaceOrder()[pri:8, instance:DemoBlaze_Project.DemoBlaze_Project.DemoBlaze_Test@7188af83] output={null}]]]>
              </value>
            </param>
          </params>
          <reporter-output>
          </reporter-output>
        </test-method> <!-- takeScreenshotOnFailure -->
      </class> <!-- DemoBlaze_Project.DemoBlaze_Project.DemoBlaze_Test -->
    </test> <!-- Default test -->
  </suite> <!-- Default suite -->
</testng-results>
