<?xml version="1.0" encoding="UTF-8"?>
<testng-results ignored="0" total="9" passed="9" failed="0" skipped="0">
  <reporter-output>
  </reporter-output>
  <suite started-at="2025-01-13T22:14:52 IST" name="Default suite" finished-at="2025-01-13T22:15:03 IST" duration-ms="10793">
    <groups>
    </groups>
    <test started-at="2025-01-13T22:14:52 IST" name="Default test" finished-at="2025-01-13T22:15:03 IST" duration-ms="10793">
      <class name="Adactin_Hotel_Project.Adactin_Hotel_Project.Adactin_Test">
        <test-method is-config="true" signature="setUpDriver()[pri:0, instance:Adactin_Hotel_Project.Adactin_Hotel_Project.Adactin_Test@433defed]" started-at="2025-01-13T22:14:51 IST" name="setUpDriver" finished-at="2025-01-13T22:14:52 IST" duration-ms="1481" status="PASS">
          <reporter-output>
          </reporter-output>
        </test-method> <!-- setUpDriver -->
        <test-method is-config="true" signature="setUpPageObjects()[pri:0, instance:Adactin_Hotel_Project.Adactin_Hotel_Project.Adactin_Test@433defed]" started-at="2025-01-13T22:14:52 IST" name="setUpPageObjects" finished-at="2025-01-13T22:14:52 IST" duration-ms="30" status="PASS">
          <reporter-output>
          </reporter-output>
        </test-method> <!-- setUpPageObjects -->
        <test-method signature="loginTest(java.lang.String,java.lang.String,boolean)[pri:0, instance:Adactin_Hotel_Project.Adactin_Hotel_Project.Adactin_Test@433defed]" started-at="2025-01-13T22:14:52 IST" name="loginTest" data-provider="loginData" finished-at="2025-01-13T22:14:56 IST" duration-ms="4107" status="PASS">
          <params>
            <param index="0">
              <value>
                <![CDATA[JudaEmmanuel]]>
              </value>
            </param>
            <param index="1">
              <value>
                <![CDATA[Apria@2020]]>
              </value>
            </param>
            <param index="2">
              <value>
                <![CDATA[true]]>
              </value>
            </param>
          </params>
          <reporter-output>
          </reporter-output>
        </test-method> <!-- loginTest -->
        <test-method is-config="true" signature="takeScreenshotOnFailure(org.testng.ITestResult)[pri:0, instance:Adactin_Hotel_Project.Adactin_Hotel_Project.Adactin_Test@433defed]" started-at="2025-01-13T22:14:56 IST" name="takeScreenshotOnFailure" finished-at="2025-01-13T22:14:56 IST" duration-ms="1" status="PASS">
          <params>
            <param index="0">
              <value>
                <![CDATA[[TestResult name=loginTest status=SUCCESS method=Adactin_Test.loginTest(java.lang.String,java.lang.String,boolean)[pri:0, instance:Adactin_Hotel_Project.Adactin_Hotel_Project.Adactin_Test@433defed] output={null}]]]>
              </value>
            </param>
          </params>
          <reporter-output>
          </reporter-output>
        </test-method> <!-- takeScreenshotOnFailure -->
        <test-method is-config="true" signature="setUpPageObjects()[pri:0, instance:Adactin_Hotel_Project.Adactin_Hotel_Project.Adactin_Test@433defed]" started-at="2025-01-13T22:14:56 IST" name="setUpPageObjects" finished-at="2025-01-13T22:14:56 IST" duration-ms="1" status="PASS">
          <reporter-output>
          </reporter-output>
        </test-method> <!-- setUpPageObjects -->
        <test-method signature="loginTest(java.lang.String,java.lang.String,boolean)[pri:0, instance:Adactin_Hotel_Project.Adactin_Hotel_Project.Adactin_Test@433defed]" started-at="2025-01-13T22:14:56 IST" name="loginTest" data-provider="loginData" finished-at="2025-01-13T22:14:57 IST" duration-ms="809" status="PASS">
          <params>
            <param index="0">
              <value>
                <![CDATA[invalidUser]]>
              </value>
            </param>
            <param index="1">
              <value>
                <![CDATA[Apria@2020]]>
              </value>
            </param>
            <param index="2">
              <value>
                <![CDATA[false]]>
              </value>
            </param>
          </params>
          <reporter-output>
          </reporter-output>
        </test-method> <!-- loginTest -->
        <test-method is-config="true" signature="takeScreenshotOnFailure(org.testng.ITestResult)[pri:0, instance:Adactin_Hotel_Project.Adactin_Hotel_Project.Adactin_Test@433defed]" started-at="2025-01-13T22:14:57 IST" name="takeScreenshotOnFailure" finished-at="2025-01-13T22:14:57 IST" duration-ms="13" status="PASS">
          <params>
            <param index="0">
              <value>
                <![CDATA[[TestResult name=loginTest status=SUCCESS method=Adactin_Test.loginTest(java.lang.String,java.lang.String,boolean)[pri:0, instance:Adactin_Hotel_Project.Adactin_Hotel_Project.Adactin_Test@433defed] output={null}]]]>
              </value>
            </param>
          </params>
          <reporter-output>
          </reporter-output>
        </test-method> <!-- takeScreenshotOnFailure -->
        <test-method is-config="true" signature="setUpPageObjects()[pri:0, instance:Adactin_Hotel_Project.Adactin_Hotel_Project.Adactin_Test@433defed]" started-at="2025-01-13T22:14:57 IST" name="setUpPageObjects" finished-at="2025-01-13T22:14:57 IST" duration-ms="4" status="PASS">
          <reporter-output>
          </reporter-output>
        </test-method> <!-- setUpPageObjects -->
        <test-method signature="loginTest(java.lang.String,java.lang.String,boolean)[pri:0, instance:Adactin_Hotel_Project.Adactin_Hotel_Project.Adactin_Test@433defed]" started-at="2025-01-13T22:14:57 IST" name="loginTest" data-provider="loginData" finished-at="2025-01-13T22:14:58 IST" duration-ms="849" status="PASS">
          <params>
            <param index="0">
              <value>
                <![CDATA[JudaEmmanuel]]>
              </value>
            </param>
            <param index="1">
              <value>
                <![CDATA[invalidPassword]]>
              </value>
            </param>
            <param index="2">
              <value>
                <![CDATA[false]]>
              </value>
            </param>
          </params>
          <reporter-output>
          </reporter-output>
        </test-method> <!-- loginTest -->
        <test-method is-config="true" signature="takeScreenshotOnFailure(org.testng.ITestResult)[pri:0, instance:Adactin_Hotel_Project.Adactin_Hotel_Project.Adactin_Test@433defed]" started-at="2025-01-13T22:14:58 IST" name="takeScreenshotOnFailure" finished-at="2025-01-13T22:14:58 IST" duration-ms="0" status="PASS">
          <params>
            <param index="0">
              <value>
                <![CDATA[[TestResult name=loginTest status=SUCCESS method=Adactin_Test.loginTest(java.lang.String,java.lang.String,boolean)[pri:0, instance:Adactin_Hotel_Project.Adactin_Hotel_Project.Adactin_Test@433defed] output={null}]]]>
              </value>
            </param>
          </params>
          <reporter-output>
          </reporter-output>
        </test-method> <!-- takeScreenshotOnFailure -->
        <test-method is-config="true" signature="setUpPageObjects()[pri:0, instance:Adactin_Hotel_Project.Adactin_Hotel_Project.Adactin_Test@433defed]" started-at="2025-01-13T22:14:58 IST" name="setUpPageObjects" finished-at="2025-01-13T22:14:58 IST" duration-ms="4" status="PASS">
          <reporter-output>
          </reporter-output>
        </test-method> <!-- setUpPageObjects -->
        <test-method signature="loginTest(java.lang.String,java.lang.String,boolean)[pri:0, instance:Adactin_Hotel_Project.Adactin_Hotel_Project.Adactin_Test@433defed]" started-at="2025-01-13T22:14:58 IST" name="loginTest" data-provider="loginData" finished-at="2025-01-13T22:14:59 IST" duration-ms="513" status="PASS">
          <params>
            <param index="0">
              <value>
                <![CDATA[]]>
              </value>
            </param>
            <param index="1">
              <value>
                <![CDATA[Apria@2020]]>
              </value>
            </param>
            <param index="2">
              <value>
                <![CDATA[false]]>
              </value>
            </param>
          </params>
          <reporter-output>
          </reporter-output>
        </test-method> <!-- loginTest -->
        <test-method is-config="true" signature="takeScreenshotOnFailure(org.testng.ITestResult)[pri:0, instance:Adactin_Hotel_Project.Adactin_Hotel_Project.Adactin_Test@433defed]" started-at="2025-01-13T22:14:59 IST" name="takeScreenshotOnFailure" finished-at="2025-01-13T22:14:59 IST" duration-ms="4" status="PASS">
          <params>
            <param index="0">
              <value>
                <![CDATA[[TestResult name=loginTest status=SUCCESS method=Adactin_Test.loginTest(java.lang.String,java.lang.String,boolean)[pri:0, instance:Adactin_Hotel_Project.Adactin_Hotel_Project.Adactin_Test@433defed] output={null}]]]>
              </value>
            </param>
          </params>
          <reporter-output>
          </reporter-output>
        </test-method> <!-- takeScreenshotOnFailure -->
        <test-method is-config="true" signature="setUpPageObjects()[pri:0, instance:Adactin_Hotel_Project.Adactin_Hotel_Project.Adactin_Test@433defed]" started-at="2025-01-13T22:14:59 IST" name="setUpPageObjects" finished-at="2025-01-13T22:14:59 IST" duration-ms="3" status="PASS">
          <reporter-output>
          </reporter-output>
        </test-method> <!-- setUpPageObjects -->
        <test-method signature="loginTest(java.lang.String,java.lang.String,boolean)[pri:0, instance:Adactin_Hotel_Project.Adactin_Hotel_Project.Adactin_Test@433defed]" started-at="2025-01-13T22:14:59 IST" name="loginTest" data-provider="loginData" finished-at="2025-01-13T22:14:59 IST" duration-ms="230" status="PASS">
          <params>
            <param index="0">
              <value>
                <![CDATA[JudaEmmanuel]]>
              </value>
            </param>
            <param index="1">
              <value>
                <![CDATA[]]>
              </value>
            </param>
            <param index="2">
              <value>
                <![CDATA[false]]>
              </value>
            </param>
          </params>
          <reporter-output>
          </reporter-output>
        </test-method> <!-- loginTest -->
        <test-method is-config="true" signature="takeScreenshotOnFailure(org.testng.ITestResult)[pri:0, instance:Adactin_Hotel_Project.Adactin_Hotel_Project.Adactin_Test@433defed]" started-at="2025-01-13T22:14:59 IST" name="takeScreenshotOnFailure" finished-at="2025-01-13T22:14:59 IST" duration-ms="1" status="PASS">
          <params>
            <param index="0">
              <value>
                <![CDATA[[TestResult name=loginTest status=SUCCESS method=Adactin_Test.loginTest(java.lang.String,java.lang.String,boolean)[pri:0, instance:Adactin_Hotel_Project.Adactin_Hotel_Project.Adactin_Test@433defed] output={null}]]]>
              </value>
            </param>
          </params>
          <reporter-output>
          </reporter-output>
        </test-method> <!-- takeScreenshotOnFailure -->
        <test-method is-config="true" signature="setUpPageObjects()[pri:0, instance:Adactin_Hotel_Project.Adactin_Hotel_Project.Adactin_Test@433defed]" started-at="2025-01-13T22:14:59 IST" name="setUpPageObjects" finished-at="2025-01-13T22:14:59 IST" duration-ms="2" status="PASS">
          <reporter-output>
          </reporter-output>
        </test-method> <!-- setUpPageObjects -->
        <test-method signature="loginTest(java.lang.String,java.lang.String,boolean)[pri:0, instance:Adactin_Hotel_Project.Adactin_Hotel_Project.Adactin_Test@433defed]" started-at="2025-01-13T22:14:59 IST" name="loginTest" data-provider="loginData" finished-at="2025-01-13T22:14:59 IST" duration-ms="193" status="PASS">
          <params>
            <param index="0">
              <value>
                <![CDATA[]]>
              </value>
            </param>
            <param index="1">
              <value>
                <![CDATA[]]>
              </value>
            </param>
            <param index="2">
              <value>
                <![CDATA[false]]>
              </value>
            </param>
          </params>
          <reporter-output>
          </reporter-output>
        </test-method> <!-- loginTest -->
        <test-method is-config="true" signature="takeScreenshotOnFailure(org.testng.ITestResult)[pri:0, instance:Adactin_Hotel_Project.Adactin_Hotel_Project.Adactin_Test@433defed]" started-at="2025-01-13T22:14:59 IST" name="takeScreenshotOnFailure" finished-at="2025-01-13T22:14:59 IST" duration-ms="0" status="PASS">
          <params>
            <param index="0">
              <value>
                <![CDATA[[TestResult name=loginTest status=SUCCESS method=Adactin_Test.loginTest(java.lang.String,java.lang.String,boolean)[pri:0, instance:Adactin_Hotel_Project.Adactin_Hotel_Project.Adactin_Test@433defed] output={null}]]]>
              </value>
            </param>
          </params>
          <reporter-output>
          </reporter-output>
        </test-method> <!-- takeScreenshotOnFailure -->
        <test-method is-config="true" signature="setUpPageObjects()[pri:0, instance:Adactin_Hotel_Project.Adactin_Hotel_Project.Adactin_Test@433defed]" started-at="2025-01-13T22:14:59 IST" name="setUpPageObjects" finished-at="2025-01-13T22:14:59 IST" duration-ms="3" status="PASS">
          <reporter-output>
          </reporter-output>
        </test-method> <!-- setUpPageObjects -->
        <test-method signature="searchHotelTest()[pri:0, instance:Adactin_Hotel_Project.Adactin_Hotel_Project.Adactin_Test@433defed]" started-at="2025-01-13T22:14:59 IST" name="searchHotelTest" finished-at="2025-01-13T22:15:01 IST" depends-on-methods="Adactin_Hotel_Project.Adactin_Hotel_Project.Adactin_Test.loginTest" duration-ms="1990" status="PASS">
          <reporter-output>
          </reporter-output>
        </test-method> <!-- searchHotelTest -->
        <test-method is-config="true" signature="takeScreenshotOnFailure(org.testng.ITestResult)[pri:0, instance:Adactin_Hotel_Project.Adactin_Hotel_Project.Adactin_Test@433defed]" started-at="2025-01-13T22:15:01 IST" name="takeScreenshotOnFailure" finished-at="2025-01-13T22:15:01 IST" duration-ms="0" status="PASS">
          <params>
            <param index="0">
              <value>
                <![CDATA[[TestResult name=searchHotelTest status=SUCCESS method=Adactin_Test.searchHotelTest()[pri:0, instance:Adactin_Hotel_Project.Adactin_Hotel_Project.Adactin_Test@433defed] output={null}]]]>
              </value>
            </param>
          </params>
          <reporter-output>
          </reporter-output>
        </test-method> <!-- takeScreenshotOnFailure -->
        <test-method is-config="true" signature="setUpPageObjects()[pri:0, instance:Adactin_Hotel_Project.Adactin_Hotel_Project.Adactin_Test@433defed]" started-at="2025-01-13T22:15:01 IST" name="setUpPageObjects" finished-at="2025-01-13T22:15:01 IST" duration-ms="2" status="PASS">
          <reporter-output>
          </reporter-output>
        </test-method> <!-- setUpPageObjects -->
        <test-method signature="selectHotelTest()[pri:0, instance:Adactin_Hotel_Project.Adactin_Hotel_Project.Adactin_Test@433defed]" started-at="2025-01-13T22:15:01 IST" name="selectHotelTest" finished-at="2025-01-13T22:15:02 IST" depends-on-methods="Adactin_Hotel_Project.Adactin_Hotel_Project.Adactin_Test.searchHotelTest" duration-ms="839" status="PASS">
          <reporter-output>
          </reporter-output>
        </test-method> <!-- selectHotelTest -->
        <test-method is-config="true" signature="takeScreenshotOnFailure(org.testng.ITestResult)[pri:0, instance:Adactin_Hotel_Project.Adactin_Hotel_Project.Adactin_Test@433defed]" started-at="2025-01-13T22:15:02 IST" name="takeScreenshotOnFailure" finished-at="2025-01-13T22:15:02 IST" duration-ms="1" status="PASS">
          <params>
            <param index="0">
              <value>
                <![CDATA[[TestResult name=selectHotelTest status=SUCCESS method=Adactin_Test.selectHotelTest()[pri:0, instance:Adactin_Hotel_Project.Adactin_Hotel_Project.Adactin_Test@433defed] output={null}]]]>
              </value>
            </param>
          </params>
          <reporter-output>
          </reporter-output>
        </test-method> <!-- takeScreenshotOnFailure -->
        <test-method signature="bookHotelTest(java.lang.String,java.lang.String,java.lang.String,java.lang.String,java.lang.String,java.lang.String,java.lang.String,java.lang.String,boolean)[pri:0, instance:Adactin_Hotel_Project.Adactin_Hotel_Project.Adactin_Test@433defed]" started-at="2025-01-13T22:15:02 IST" name="bookHotelTest" data-provider="bookingData" finished-at="2025-01-13T22:15:03 IST" depends-on-methods="Adactin_Hotel_Project.Adactin_Hotel_Project.Adactin_Test.selectHotelTest" duration-ms="1132" status="PASS">
          <params>
            <param index="0">
              <value>
                <![CDATA[Juda]]>
              </value>
            </param>
            <param index="1">
              <value>
                <![CDATA[Emmanuel]]>
              </value>
            </param>
            <param index="2">
              <value>
                <![CDATA[Chennai St]]>
              </value>
            </param>
            <param index="3">
              <value>
                <![CDATA[1234567890123456]]>
              </value>
            </param>
            <param index="4">
              <value>
                <![CDATA[VISA]]>
              </value>
            </param>
            <param index="5">
              <value>
                <![CDATA[January]]>
              </value>
            </param>
            <param index="6">
              <value>
                <![CDATA[2025]]>
              </value>
            </param>
            <param index="7">
              <value>
                <![CDATA[123]]>
              </value>
            </param>
            <param index="8">
              <value>
                <![CDATA[true]]>
              </value>
            </param>
          </params>
          <reporter-output>
          </reporter-output>
        </test-method> <!-- bookHotelTest -->
        <test-method is-config="true" signature="setUpPageObjects()[pri:0, instance:Adactin_Hotel_Project.Adactin_Hotel_Project.Adactin_Test@433defed]" started-at="2025-01-13T22:15:02 IST" name="setUpPageObjects" finished-at="2025-01-13T22:15:02 IST" duration-ms="0" status="PASS">
          <reporter-output>
          </reporter-output>
        </test-method> <!-- setUpPageObjects -->
        <test-method is-config="true" signature="takeScreenshotOnFailure(org.testng.ITestResult)[pri:0, instance:Adactin_Hotel_Project.Adactin_Hotel_Project.Adactin_Test@433defed]" started-at="2025-01-13T22:15:03 IST" name="takeScreenshotOnFailure" finished-at="2025-01-13T22:15:03 IST" duration-ms="0" status="PASS">
          <params>
            <param index="0">
              <value>
                <![CDATA[[TestResult name=bookHotelTest status=SUCCESS method=Adactin_Test.bookHotelTest(java.lang.String,java.lang.String,java.lang.String,java.lang.String,java.lang.String,java.lang.String,java.lang.String,java.lang.String,boolean)[pri:0, instance:Adactin_Hotel_Project.Adactin_Hotel_Project.Adactin_Test@433defed] output={null}]]]>
              </value>
            </param>
          </params>
          <reporter-output>
          </reporter-output>
        </test-method> <!-- takeScreenshotOnFailure -->
        <test-method is-config="true" signature="tearDown()[pri:0, instance:Adactin_Hotel_Project.Adactin_Hotel_Project.Adactin_Test@433defed]" started-at="2025-01-13T22:15:03 IST" name="tearDown" finished-at="2025-01-13T22:15:03 IST" duration-ms="200" status="PASS">
          <reporter-output>
          </reporter-output>
        </test-method> <!-- tearDown -->
      </class> <!-- Adactin_Hotel_Project.Adactin_Hotel_Project.Adactin_Test -->
    </test> <!-- Default test -->
  </suite> <!-- Default suite -->
</testng-results>
