<?xml version="1.0" encoding="UTF-8"?>
<!-- Generated by org.testng.reporters.JUnitXMLReporter -->
<testsuite ignored="6" hostname="JuDaEmMaNuEl" failures="0" tests="11" name="Chrome Test" time="82.576" errors="0" timestamp="2025-02-11T05:16:09 IST">
  <testcase classname="com.testcases.LoginTest" name="loginTest" time="2.574"/>
  <testcase classname="com.testcases.LoginTest" name="loginTest" time="1.73"/>
  <testcase classname="com.testcases.LoginTest" name="loginTest" time="2.514"/>
  <testcase classname="com.testcases.LoginTest" name="loginTest" time="1.376"/>
  <testcase classname="com.testcases.SearchHotelTest" name="searchHotelTest" time="4.418"/>
  <testcase classname="com.testcases.SearchHotelTest" name="searchHotelTest" time="3.385"/>
  <testcase classname="com.testcases.SelectHotelTest" name="selectHotelTest" time="3.943"/>
  <testcase classname="com.testcases.SelectHotelTest" name="selectHotelTest" time="5.105"/>
  <testcase classname="com.testcases.BookingHotelTest" name="bookingHotelTest" time="9.616"/>
  <testcase classname="com.testcases.BookingHotelTest" name="bookingHotelTest" time="9.304"/>
  <testcase classname="com.testcases.BookingHotelTest" name="bookingHotelTest" time="9.81"/>
  <testcase classname="com.base.BaseTest" name="@AfterSuite tearDownExtent" time="0.0">
    <ignored/>
  </testcase> <!-- @AfterSuite tearDownExtent -->
  <testcase classname="com.base.BaseTest" name="@BeforeSuite setupExtent" time="0.0">
    <ignored/>
  </testcase> <!-- @BeforeSuite setupExtent -->
  <testcase classname="com.base.BaseTest" name="@BeforeSuite setupExtent" time="0.0">
    <ignored/>
  </testcase> <!-- @BeforeSuite setupExtent -->
  <testcase classname="com.base.BaseTest" name="@BeforeSuite setupExtent" time="0.0">
    <ignored/>
  </testcase> <!-- @BeforeSuite setupExtent -->
  <testcase classname="com.base.BaseTest" name="@AfterSuite tearDownExtent" time="0.0">
    <ignored/>
  </testcase> <!-- @AfterSuite tearDownExtent -->
  <testcase classname="com.base.BaseTest" name="@AfterSuite tearDownExtent" time="0.0">
    <ignored/>
  </testcase> <!-- @AfterSuite tearDownExtent -->
</testsuite> <!-- Chrome Test -->
