<?xml version="1.0" encoding="UTF-8"?>
<!-- Generated by org.testng.reporters.JUnitXMLReporter -->
<testsuite ignored="6" hostname="JuDaEmMaNuEl" failures="0" tests="11" name="Edge Test" time="98.545" errors="0" timestamp="2025-02-11T05:16:25 IST">
  <testcase classname="com.testcases.LoginTest" name="loginTest" time="1.573"/>
  <testcase classname="com.testcases.LoginTest" name="loginTest" time="1.806"/>
  <testcase classname="com.testcases.LoginTest" name="loginTest" time="1.32"/>
  <testcase classname="com.testcases.LoginTest" name="loginTest" time="1.41"/>
  <testcase classname="com.testcases.SearchHotelTest" name="searchHotelTest" time="3.889"/>
  <testcase classname="com.testcases.SearchHotelTest" name="searchHotelTest" time="3.483"/>
  <testcase classname="com.testcases.SelectHotelTest" name="selectHotelTest" time="4.737"/>
  <testcase classname="com.testcases.SelectHotelTest" name="selectHotelTest" time="3.419"/>
  <testcase classname="com.testcases.BookingHotelTest" name="bookingHotelTest" time="9.28"/>
  <testcase classname="com.testcases.BookingHotelTest" name="bookingHotelTest" time="9.299"/>
  <testcase classname="com.testcases.BookingHotelTest" name="bookingHotelTest" time="9.035"/>
  <testcase classname="com.base.BaseTest" name="@BeforeSuite setupExtent" time="0.0">
    <ignored/>
  </testcase> <!-- @BeforeSuite setupExtent -->
  <testcase classname="com.base.BaseTest" name="@AfterSuite tearDownExtent" time="0.0">
    <ignored/>
  </testcase> <!-- @AfterSuite tearDownExtent -->
  <testcase classname="com.base.BaseTest" name="@AfterSuite tearDownExtent" time="0.0">
    <ignored/>
  </testcase> <!-- @AfterSuite tearDownExtent -->
  <testcase classname="com.base.BaseTest" name="@BeforeSuite setupExtent" time="0.0">
    <ignored/>
  </testcase> <!-- @BeforeSuite setupExtent -->
  <testcase classname="com.base.BaseTest" name="@BeforeSuite setupExtent" time="0.0">
    <ignored/>
  </testcase> <!-- @BeforeSuite setupExtent -->
  <testcase classname="com.base.BaseTest" name="@AfterSuite tearDownExtent" time="0.0">
    <ignored/>
  </testcase> <!-- @AfterSuite tearDownExtent -->
</testsuite> <!-- Edge Test -->
