<?xml version="1.0" encoding="UTF-8"?>
<testng-results ignored="0" total="6" passed="6" failed="0" skipped="0">
  <reporter-output>
  </reporter-output>
  <suite started-at="2025-01-14T11:54:32 IST" name="Default suite" finished-at="2025-01-14T11:55:27 IST" duration-ms="54474">
    <groups>
    </groups>
    <test started-at="2025-01-14T11:54:32 IST" name="Default test" finished-at="2025-01-14T11:55:27 IST" duration-ms="54474">
      <class name="Heroku_App_Project.Heroku_App_Project.Contact_Test">
        <test-method is-config="true" signature="setup()[pri:0, instance:Heroku_App_Project.Heroku_App_Project.Contact_Test@413d1baf]" started-at="2025-01-14T11:54:29 IST" name="setup" finished-at="2025-01-14T11:54:32 IST" duration-ms="2915" status="PASS">
          <reporter-output>
          </reporter-output>
        </test-method> <!-- setup -->
        <test-method signature="testSignup()[pri:0, instance:Heroku_App_Project.Heroku_App_Project.Contact_Test@413d1baf]" started-at="2025-01-14T11:54:32 IST" name="testSignup" finished-at="2025-01-14T11:54:40 IST" duration-ms="7677" status="PASS">
          <reporter-output>
          </reporter-output>
        </test-method> <!-- testSignup -->
        <test-method signature="testLogin()[pri:1, instance:Heroku_App_Project.Heroku_App_Project.Contact_Test@413d1baf]" started-at="2025-01-14T11:54:40 IST" name="testLogin" finished-at="2025-01-14T11:54:43 IST" duration-ms="3281" status="PASS">
          <reporter-output>
          </reporter-output>
        </test-method> <!-- testLogin -->
        <test-method signature="testAddContact()[pri:2, instance:Heroku_App_Project.Heroku_App_Project.Contact_Test@413d1baf]" started-at="2025-01-14T11:54:43 IST" name="testAddContact" finished-at="2025-01-14T11:54:51 IST" duration-ms="7723" status="PASS">
          <reporter-output>
          </reporter-output>
        </test-method> <!-- testAddContact -->
        <test-method signature="testEditContact()[pri:3, instance:Heroku_App_Project.Heroku_App_Project.Contact_Test@413d1baf]" started-at="2025-01-14T11:54:51 IST" name="testEditContact" finished-at="2025-01-14T11:55:06 IST" duration-ms="15354" status="PASS">
          <reporter-output>
          </reporter-output>
        </test-method> <!-- testEditContact -->
        <test-method signature="testDeleteContact()[pri:4, instance:Heroku_App_Project.Heroku_App_Project.Contact_Test@413d1baf]" started-at="2025-01-14T11:55:06 IST" name="testDeleteContact" finished-at="2025-01-14T11:55:26 IST" duration-ms="19833" status="PASS">
          <reporter-output>
          </reporter-output>
        </test-method> <!-- testDeleteContact -->
        <test-method signature="testLogout()[pri:5, instance:Heroku_App_Project.Heroku_App_Project.Contact_Test@413d1baf]" started-at="2025-01-14T11:55:26 IST" name="testLogout" finished-at="2025-01-14T11:55:27 IST" duration-ms="573" status="PASS">
          <reporter-output>
          </reporter-output>
        </test-method> <!-- testLogout -->
        <test-method is-config="true" signature="teardown()[pri:0, instance:Heroku_App_Project.Heroku_App_Project.Contact_Test@413d1baf]" started-at="2025-01-14T11:55:27 IST" name="teardown" finished-at="2025-01-14T11:55:27 IST" duration-ms="174" status="PASS">
          <reporter-output>
          </reporter-output>
        </test-method> <!-- teardown -->
      </class> <!-- Heroku_App_Project.Heroku_App_Project.Contact_Test -->
    </test> <!-- Default test -->
  </suite> <!-- Default suite -->
</testng-results>
